0 verbose cli C:\Program Files\nodejs\node.exe C:\Program Files\nodejs\node_modules\npm\bin\npm-cli.js
1 info using npm@10.9.2
2 info using node@v22.17.0
3 silly config load:file:C:\Program Files\nodejs\node_modules\npm\npmrc
4 silly config load:file:C:\projects\темтовое\calendar-app\.npmrc
5 silly config load:file:C:\Users\maste\.npmrc
6 silly config load:file:C:\Users\maste\AppData\Roaming\npm\etc\npmrc
7 verbose title npm install styled-components @types/styled-components @dnd-kit/core @dnd-kit/sortable @dnd-kit/utilities mongodb zod
8 verbose argv "install" "styled-components" "@types/styled-components" "@dnd-kit/core" "@dnd-kit/sortable" "@dnd-kit/utilities" "mongodb" "zod"
9 verbose logfile logs-max:10 dir:C:\projects\темтовое\calendar-app\.npm-cache\_logs\2026-03-10T17_15_34_955Z-
10 verbose logfile C:\projects\темтовое\calendar-app\.npm-cache\_logs\2026-03-10T17_15_34_955Z-debug-0.log
11 silly logfile done cleaning log files
12 silly packumentCache heap:4345298944 maxSize:1086324736 maxEntrySize:543162368
13 silly idealTree buildDeps
14 silly fetch manifest styled-components@*
15 silly packumentCache full:https://registry.npmjs.org/styled-components cache-miss
16 http fetch GET 200 https://registry.npmjs.org/styled-components 414ms (cache miss)
17 silly packumentCache full:https://registry.npmjs.org/styled-components set size:undefined disposed:false
18 silly fetch manifest react@19.2.3
19 silly packumentCache full:https://registry.npmjs.org/react cache-miss
20 http fetch GET 200 https://registry.npmjs.org/react 153ms (cache miss)
21 silly packumentCache full:https://registry.npmjs.org/react set size:undefined disposed:false
22 silly fetch manifest react-dom@19.2.3
23 silly packumentCache full:https://registry.npmjs.org/react-dom cache-miss
24 http fetch GET 200 https://registry.npmjs.org/react-dom 166ms (cache miss)
25 silly packumentCache full:https://registry.npmjs.org/react-dom set size:undefined disposed:false
26 silly fetch manifest @types/styled-components@*
27 silly packumentCache full:https://registry.npmjs.org/@types%2fstyled-components cache-miss
28 http fetch GET 200 https://registry.npmjs.org/@types%2fstyled-components 452ms (cache miss)
29 silly packumentCache full:https://registry.npmjs.org/@types%2fstyled-components set size:undefined disposed:false
30 silly fetch manifest @dnd-kit/core@*
31 silly packumentCache full:https://registry.npmjs.org/@dnd-kit%2fcore cache-miss
32 http fetch GET 200 https://registry.npmjs.org/@dnd-kit%2fcore 514ms (cache miss)
33 silly packumentCache full:https://registry.npmjs.org/@dnd-kit%2fcore set size:undefined disposed:false
34 silly fetch manifest @dnd-kit/sortable@*
35 silly packumentCache full:https://registry.npmjs.org/@dnd-kit%2fsortable cache-miss
36 http fetch GET 200 https://registry.npmjs.org/@dnd-kit%2fsortable 866ms (cache miss)
37 silly packumentCache full:https://registry.npmjs.org/@dnd-kit%2fsortable set size:undefined disposed:false
38 silly fetch manifest @dnd-kit/utilities@*
39 silly packumentCache full:https://registry.npmjs.org/@dnd-kit%2futilities cache-miss
40 http fetch GET 200 https://registry.npmjs.org/@dnd-kit%2futilities 947ms (cache miss)
41 silly packumentCache full:https://registry.npmjs.org/@dnd-kit%2futilities set size:undefined disposed:false
42 silly fetch manifest mongodb@*
43 silly packumentCache full:https://registry.npmjs.org/mongodb cache-miss
44 http fetch GET 200 https://registry.npmjs.org/mongodb 266ms (cache miss)
45 silly packumentCache full:https://registry.npmjs.org/mongodb set size:undefined disposed:false
46 silly fetch manifest @aws-sdk/credential-providers@^3.806.0
47 silly packumentCache full:https://registry.npmjs.org/@aws-sdk%2fcredential-providers cache-miss
48 http fetch GET 200 https://registry.npmjs.org/@aws-sdk%2fcredential-providers 337ms (cache miss)
49 silly packumentCache full:https://registry.npmjs.org/@aws-sdk%2fcredential-providers set size:undefined disposed:false
50 silly fetch manifest @mongodb-js/zstd@^7.0.0
51 silly packumentCache full:https://registry.npmjs.org/@mongodb-js%2fzstd cache-miss
52 http fetch GET 200 https://registry.npmjs.org/@mongodb-js%2fzstd 101ms (cache miss)
53 silly packumentCache full:https://registry.npmjs.org/@mongodb-js%2fzstd set size:undefined disposed:false
54 silly fetch manifest gcp-metadata@^7.0.1
55 silly packumentCache full:https://registry.npmjs.org/gcp-metadata cache-miss
56 http fetch GET 200 https://registry.npmjs.org/gcp-metadata 59ms (cache miss)
57 silly packumentCache full:https://registry.npmjs.org/gcp-metadata set size:undefined disposed:false
58 silly fetch manifest kerberos@^7.0.0
59 silly packumentCache full:https://registry.npmjs.org/kerberos cache-miss
60 http fetch GET 200 https://registry.npmjs.org/kerberos 45ms (cache miss)
61 silly packumentCache full:https://registry.npmjs.org/kerberos set size:undefined disposed:false
62 silly fetch manifest mongodb-client-encryption@>=7.0.0 <7.1.0
63 silly packumentCache full:https://registry.npmjs.org/mongodb-client-encryption cache-miss
64 http fetch GET 200 https://registry.npmjs.org/mongodb-client-encryption 66ms (cache miss)
65 silly packumentCache full:https://registry.npmjs.org/mongodb-client-encryption set size:undefined disposed:false
66 silly fetch manifest snappy@^7.3.2
67 silly packumentCache full:https://registry.npmjs.org/snappy cache-miss
68 http fetch GET 200 https://registry.npmjs.org/snappy 48ms (cache miss)
69 silly packumentCache full:https://registry.npmjs.org/snappy set size:undefined disposed:false
70 silly fetch manifest socks@^2.8.6
71 silly packumentCache full:https://registry.npmjs.org/socks cache-miss
72 http fetch GET 200 https://registry.npmjs.org/socks 36ms (cache miss)
73 silly packumentCache full:https://registry.npmjs.org/socks set size:undefined disposed:false
74 silly fetch manifest zod@*
75 silly packumentCache full:https://registry.npmjs.org/zod cache-miss
76 http fetch GET 200 https://registry.npmjs.org/zod 87ms (cache miss)
77 silly packumentCache full:https://registry.npmjs.org/zod set size:undefined disposed:false
78 silly placeDep ROOT @dnd-kit/core@6.3.1 OK for: calendar-app@0.1.0 want: *
79 silly placeDep ROOT @dnd-kit/sortable@10.0.0 OK for: calendar-app@0.1.0 want: *
80 silly placeDep ROOT @dnd-kit/utilities@3.2.2 OK for: calendar-app@0.1.0 want: *
81 silly placeDep ROOT @types/styled-components@5.1.36 OK for: calendar-app@0.1.0 want: *
82 silly placeDep ROOT mongodb@7.1.0 OK for: calendar-app@0.1.0 want: *
83 silly placeDep ROOT styled-components@6.3.11 OK for: calendar-app@0.1.0 want: *
84 silly placeDep ROOT zod@4.3.6 REPLACE for: calendar-app@0.1.0 want: *
85 silly fetch manifest @dnd-kit/accessibility@^3.1.1
86 silly packumentCache full:https://registry.npmjs.org/@dnd-kit%2faccessibility cache-miss
87 silly fetch manifest @dnd-kit/utilities@^3.2.2
88 silly packumentCache full:https://registry.npmjs.org/@dnd-kit%2futilities cache-miss
89 silly fetch manifest @dnd-kit/utilities@^3.2.2
90 silly packumentCache full:https://registry.npmjs.org/@dnd-kit%2futilities cache-miss
91 silly fetch manifest @types/hoist-non-react-statics@*
92 silly packumentCache full:https://registry.npmjs.org/@types%2fhoist-non-react-statics cache-miss
93 silly fetch manifest bson@^7.1.1
94 silly packumentCache full:https://registry.npmjs.org/bson cache-miss
95 silly fetch manifest @mongodb-js/saslprep@^1.3.0
96 silly packumentCache full:https://registry.npmjs.org/@mongodb-js%2fsaslprep cache-miss
97 silly fetch manifest mongodb-connection-string-url@^7.0.0
98 silly packumentCache full:https://registry.npmjs.org/mongodb-connection-string-url cache-miss
99 http cache https://registry.npmjs.org/@dnd-kit%2futilities 114ms (cache hit)
100 silly packumentCache full:https://registry.npmjs.org/@dnd-kit%2futilities set size:247103 disposed:false
101 silly fetch manifest @emotion/is-prop-valid@1.4.0
102 silly packumentCache full:https://registry.npmjs.org/@emotion%2fis-prop-valid cache-miss
103 http cache https://registry.npmjs.org/@dnd-kit%2futilities 119ms (cache hit)
104 silly packumentCache full:https://registry.npmjs.org/@dnd-kit%2futilities set size:247103 disposed:false
105 silly packumentCache full:https://registry.npmjs.org/@dnd-kit%2futilities dispose
106 silly fetch manifest @emotion/unitless@0.10.0
107 silly packumentCache full:https://registry.npmjs.org/@emotion%2funitless cache-miss
108 http fetch GET 200 https://registry.npmjs.org/@mongodb-js%2fsaslprep 266ms (cache miss)
109 silly packumentCache full:https://registry.npmjs.org/@mongodb-js%2fsaslprep set size:undefined disposed:false
110 silly fetch manifest @types/stylis@4.2.7
111 silly packumentCache full:https://registry.npmjs.org/@types%2fstylis cache-miss
112 http fetch GET 200 https://registry.npmjs.org/mongodb-connection-string-url 270ms (cache miss)
113 silly packumentCache full:https://registry.npmjs.org/mongodb-connection-string-url set size:undefined disposed:false
114 silly fetch manifest css-to-react-native@3.2.0
115 silly packumentCache full:https://registry.npmjs.org/css-to-react-native cache-miss
116 http fetch GET 200 https://registry.npmjs.org/bson 289ms (cache miss)
117 silly packumentCache full:https://registry.npmjs.org/bson set size:undefined disposed:false
118 silly fetch manifest postcss@8.4.49
119 silly packumentCache full:https://registry.npmjs.org/postcss cache-miss
120 http fetch GET 200 https://registry.npmjs.org/@emotion%2funitless 221ms (cache miss)
121 silly packumentCache full:https://registry.npmjs.org/@emotion%2funitless set size:undefined disposed:false
122 silly fetch manifest shallowequal@1.1.0
123 silly packumentCache full:https://registry.npmjs.org/shallowequal cache-miss
124 http fetch GET 200 https://registry.npmjs.org/@emotion%2fis-prop-valid 237ms (cache miss)
125 silly packumentCache full:https://registry.npmjs.org/@emotion%2fis-prop-valid set size:undefined disposed:false
126 silly fetch manifest stylis@4.3.6
127 silly packumentCache full:https://registry.npmjs.org/stylis cache-miss
128 http fetch GET 200 https://registry.npmjs.org/postcss 80ms (cache miss)
129 silly packumentCache full:https://registry.npmjs.org/postcss set size:undefined disposed:false
130 http fetch GET 200 https://registry.npmjs.org/stylis 56ms (cache miss)
131 silly packumentCache full:https://registry.npmjs.org/stylis set size:undefined disposed:false
132 http fetch GET 200 https://registry.npmjs.org/@dnd-kit%2faccessibility 506ms (cache miss)
133 silly packumentCache full:https://registry.npmjs.org/@dnd-kit%2faccessibility set size:undefined disposed:false
134 http fetch GET 200 https://registry.npmjs.org/@types%2fhoist-non-react-statics 517ms (cache miss)
135 silly packumentCache full:https://registry.npmjs.org/@types%2fhoist-non-react-statics set size:undefined disposed:false
136 http fetch GET 200 https://registry.npmjs.org/shallowequal 230ms (cache miss)
137 silly packumentCache full:https://registry.npmjs.org/shallowequal set size:undefined disposed:false
138 http fetch GET 200 https://registry.npmjs.org/@types%2fstylis 474ms (cache miss)
139 silly packumentCache full:https://registry.npmjs.org/@types%2fstylis set size:undefined disposed:false
140 http fetch GET 200 https://registry.npmjs.org/css-to-react-native 640ms (cache miss)
141 silly packumentCache full:https://registry.npmjs.org/css-to-react-native set size:undefined disposed:false
142 silly fetch manifest react@>=16.8.0
143 silly packumentCache full:https://registry.npmjs.org/react cache-miss
144 http cache https://registry.npmjs.org/react 61ms (cache hit)
145 silly packumentCache full:https://registry.npmjs.org/react set size:6535664 disposed:false
146 silly placeDep ROOT @dnd-kit/accessibility@3.1.1 OK for: @dnd-kit/core@6.3.1 want: ^3.1.1
147 silly fetch manifest @types/react@*
148 silly packumentCache full:https://registry.npmjs.org/@types%2freact cache-miss
149 http fetch GET 200 https://registry.npmjs.org/@types%2freact 110ms (cache miss)
150 silly packumentCache full:https://registry.npmjs.org/@types%2freact set size:undefined disposed:false
151 silly placeDep ROOT @types/hoist-non-react-statics@3.3.7 OK for: @types/styled-components@5.1.36 want: *
152 silly fetch manifest hoist-non-react-statics@^3.3.0
153 silly packumentCache full:https://registry.npmjs.org/hoist-non-react-statics cache-miss
154 http fetch GET 200 https://registry.npmjs.org/hoist-non-react-statics 242ms (cache miss)
155 silly packumentCache full:https://registry.npmjs.org/hoist-non-react-statics set size:undefined disposed:false
156 silly placeDep ROOT hoist-non-react-statics@3.3.2 OK for: @types/hoist-non-react-statics@3.3.7 want: ^3.3.0
157 silly placeDep ROOT @mongodb-js/saslprep@1.4.6 OK for: mongodb@7.1.0 want: ^1.3.0
158 silly placeDep ROOT bson@7.2.0 OK for: mongodb@7.1.0 want: ^7.1.1
159 silly placeDep ROOT mongodb-connection-string-url@7.0.1 OK for: mongodb@7.1.0 want: ^7.0.0
160 silly fetch manifest sparse-bitfield@^3.0.3
161 silly packumentCache full:https://registry.npmjs.org/sparse-bitfield cache-miss
162 silly fetch manifest whatwg-url@^14.1.0
163 silly packumentCache full:https://registry.npmjs.org/whatwg-url cache-miss
164 silly fetch manifest @types/whatwg-url@^13.0.0
165 silly packumentCache full:https://registry.npmjs.org/@types%2fwhatwg-url cache-miss
166 http fetch GET 200 https://registry.npmjs.org/sparse-bitfield 43ms (cache miss)
167 silly packumentCache full:https://registry.npmjs.org/sparse-bitfield set size:undefined disposed:false
168 http fetch GET 200 https://registry.npmjs.org/whatwg-url 49ms (cache miss)
169 silly packumentCache full:https://registry.npmjs.org/whatwg-url set size:undefined disposed:false
170 http fetch GET 200 https://registry.npmjs.org/@types%2fwhatwg-url 63ms (cache miss)
171 silly packumentCache full:https://registry.npmjs.org/@types%2fwhatwg-url set size:undefined disposed:false
172 silly placeDep ROOT sparse-bitfield@3.0.3 OK for: @mongodb-js/saslprep@1.4.6 want: ^3.0.3
173 silly fetch manifest memory-pager@^1.0.2
174 silly packumentCache full:https://registry.npmjs.org/memory-pager cache-miss
175 http fetch GET 200 https://registry.npmjs.org/memory-pager 39ms (cache miss)
176 silly packumentCache full:https://registry.npmjs.org/memory-pager set size:undefined disposed:false
177 silly placeDep ROOT @types/whatwg-url@13.0.0 OK for: mongodb-connection-string-url@7.0.1 want: ^13.0.0
178 silly placeDep ROOT whatwg-url@14.2.0 OK for: mongodb-connection-string-url@7.0.1 want: ^14.1.0
179 silly fetch manifest @types/webidl-conversions@*
180 silly packumentCache full:https://registry.npmjs.org/@types%2fwebidl-conversions cache-miss
181 silly fetch manifest tr46@^5.1.0
182 silly packumentCache full:https://registry.npmjs.org/tr46 cache-miss
183 silly fetch manifest webidl-conversions@^7.0.0
184 silly packumentCache full:https://registry.npmjs.org/webidl-conversions cache-miss
185 http fetch GET 200 https://registry.npmjs.org/webidl-conversions 37ms (cache miss)
186 silly packumentCache full:https://registry.npmjs.org/webidl-conversions set size:undefined disposed:false
187 http fetch GET 200 https://registry.npmjs.org/tr46 38ms (cache miss)
188 silly packumentCache full:https://registry.npmjs.org/tr46 set size:undefined disposed:false
189 http fetch GET 200 https://registry.npmjs.org/@types%2fwebidl-conversions 239ms (cache miss)
190 silly packumentCache full:https://registry.npmjs.org/@types%2fwebidl-conversions set size:undefined disposed:false
191 silly placeDep ROOT @types/webidl-conversions@7.0.3 OK for: @types/whatwg-url@13.0.0 want: *
192 silly placeDep ROOT memory-pager@1.5.0 OK for: sparse-bitfield@3.0.3 want: ^1.0.2
193 silly placeDep ROOT @emotion/is-prop-valid@1.4.0 OK for: styled-components@6.3.11 want: 1.4.0
194 silly placeDep ROOT @emotion/unitless@0.10.0 OK for: styled-components@6.3.11 want: 0.10.0
195 silly placeDep ROOT @types/stylis@4.2.7 OK for: styled-components@6.3.11 want: 4.2.7
196 silly placeDep ROOT css-to-react-native@3.2.0 OK for: styled-components@6.3.11 want: 3.2.0
197 silly placeDep ROOT postcss@8.4.49 OK for: styled-components@6.3.11 want: 8.4.49
198 silly placeDep ROOT shallowequal@1.1.0 OK for: styled-components@6.3.11 want: 1.1.0
199 silly placeDep ROOT stylis@4.3.6 OK for: styled-components@6.3.11 want: 4.3.6
200 silly fetch manifest @emotion/memoize@^0.9.0
201 silly packumentCache full:https://registry.npmjs.org/@emotion%2fmemoize cache-miss
202 silly fetch manifest camelize@^1.0.0
203 silly packumentCache full:https://registry.npmjs.org/camelize cache-miss
204 silly fetch manifest css-color-keywords@^1.0.0
205 silly packumentCache full:https://registry.npmjs.org/css-color-keywords cache-miss
206 silly fetch manifest postcss-value-parser@^4.0.2
207 silly packumentCache full:https://registry.npmjs.org/postcss-value-parser cache-miss
208 http fetch GET 200 https://registry.npmjs.org/camelize 38ms (cache miss)
209 silly packumentCache full:https://registry.npmjs.org/camelize set size:undefined disposed:false
210 http fetch GET 200 https://registry.npmjs.org/postcss-value-parser 38ms (cache miss)
211 silly packumentCache full:https://registry.npmjs.org/postcss-value-parser set size:undefined disposed:false
212 http fetch GET 200 https://registry.npmjs.org/@emotion%2fmemoize 121ms (cache miss)
213 silly packumentCache full:https://registry.npmjs.org/@emotion%2fmemoize set size:undefined disposed:false
214 http fetch GET 200 https://registry.npmjs.org/css-color-keywords 249ms (cache miss)
215 silly packumentCache full:https://registry.npmjs.org/css-color-keywords set size:undefined disposed:false
216 silly placeDep ROOT @emotion/memoize@0.9.0 OK for: @emotion/is-prop-valid@1.4.0 want: ^0.9.0
217 silly placeDep ROOT camelize@1.0.1 OK for: css-to-react-native@3.2.0 want: ^1.0.0
218 silly placeDep ROOT css-color-keywords@1.0.0 OK for: css-to-react-native@3.2.0 want: ^1.0.0
219 silly placeDep ROOT postcss-value-parser@4.2.0 OK for: css-to-react-native@3.2.0 want: ^4.0.2
220 silly placeDep ROOT tr46@5.1.1 OK for: whatwg-url@14.2.0 want: ^5.1.0
221 silly placeDep ROOT webidl-conversions@7.0.0 OK for: whatwg-url@14.2.0 want: ^7.0.0
222 silly reify moves {}
223 silly audit bulk request {
223 silly audit   '@babel/code-frame': [ '7.29.0' ],
223 silly audit   '@babel/compat-data': [ '7.29.0' ],
223 silly audit   '@babel/core': [ '7.29.0' ],
223 silly audit   '@babel/generator': [ '7.29.1' ],
223 silly audit   '@babel/helper-compilation-targets': [ '7.28.6' ],
223 silly audit   '@babel/helper-globals': [ '7.28.0' ],
223 silly audit   '@babel/helper-module-imports': [ '7.28.6' ],
223 silly audit   '@babel/helper-module-transforms': [ '7.28.6' ],
223 silly audit   '@babel/helper-string-parser': [ '7.27.1' ],
223 silly audit   '@babel/helper-validator-identifier': [ '7.28.5' ],
223 silly audit   '@babel/helper-validator-option': [ '7.27.1' ],
223 silly audit   '@babel/helpers': [ '7.28.6' ],
223 silly audit   '@babel/parser': [ '7.29.0' ],
223 silly audit   '@babel/template': [ '7.28.6' ],
223 silly audit   '@babel/traverse': [ '7.29.0' ],
223 silly audit   '@babel/types': [ '7.29.0' ],
223 silly audit   '@emnapi/core': [ '1.8.1' ],
223 silly audit   '@emnapi/runtime': [ '1.8.1' ],
223 silly audit   '@emnapi/wasi-threads': [ '1.1.0' ],
223 silly audit   '@eslint-community/eslint-utils': [ '4.9.1' ],
223 silly audit   'eslint-visitor-keys': [ '3.4.3', '5.0.1', '4.2.1' ],
223 silly audit   '@eslint-community/regexpp': [ '4.12.2' ],
223 silly audit   '@eslint/config-array': [ '0.21.2' ],
223 silly audit   '@eslint/config-helpers': [ '0.4.2' ],
223 silly audit   '@eslint/core': [ '0.17.0' ],
223 silly audit   '@eslint/eslintrc': [ '3.3.5' ],
223 silly audit   '@eslint/js': [ '9.39.4' ],
223 silly audit   '@eslint/object-schema': [ '2.1.7' ],
223 silly audit   '@eslint/plugin-kit': [ '0.4.1' ],
223 silly audit   '@humanfs/core': [ '0.19.1' ],
223 silly audit   '@humanfs/node': [ '0.16.7' ],
223 silly audit   '@humanwhocodes/module-importer': [ '1.0.1' ],
223 silly audit   '@humanwhocodes/retry': [ '0.4.3' ],
223 silly audit   '@img/colour': [ '1.1.0' ],
223 silly audit   '@img/sharp-darwin-arm64': [ '0.34.5' ],
223 silly audit   '@img/sharp-darwin-x64': [ '0.34.5' ],
223 silly audit   '@img/sharp-libvips-darwin-arm64': [ '1.2.4' ],
223 silly audit   '@img/sharp-libvips-darwin-x64': [ '1.2.4' ],
223 silly audit   '@img/sharp-libvips-linux-arm': [ '1.2.4' ],
223 silly audit   '@img/sharp-libvips-linux-arm64': [ '1.2.4' ],
223 silly audit   '@img/sharp-libvips-linux-ppc64': [ '1.2.4' ],
223 silly audit   '@img/sharp-libvips-linux-riscv64': [ '1.2.4' ],
223 silly audit   '@img/sharp-libvips-linux-s390x': [ '1.2.4' ],
223 silly audit   '@img/sharp-libvips-linux-x64': [ '1.2.4' ],
223 silly audit   '@img/sharp-libvips-linuxmusl-arm64': [ '1.2.4' ],
223 silly audit   '@img/sharp-libvips-linuxmusl-x64': [ '1.2.4' ],
223 silly audit   '@img/sharp-linux-arm': [ '0.34.5' ],
223 silly audit   '@img/sharp-linux-arm64': [ '0.34.5' ],
223 silly audit   '@img/sharp-linux-ppc64': [ '0.34.5' ],
223 silly audit   '@img/sharp-linux-riscv64': [ '0.34.5' ],
223 silly audit   '@img/sharp-linux-s390x': [ '0.34.5' ],
223 silly audit   '@img/sharp-linux-x64': [ '0.34.5' ],
223 silly audit   '@img/sharp-linuxmusl-arm64': [ '0.34.5' ],
223 silly audit   '@img/sharp-linuxmusl-x64': [ '0.34.5' ],
223 silly audit   '@img/sharp-wasm32': [ '0.34.5' ],
223 silly audit   '@img/sharp-win32-arm64': [ '0.34.5' ],
223 silly audit   '@img/sharp-win32-ia32': [ '0.34.5' ],
223 silly audit   '@img/sharp-win32-x64': [ '0.34.5' ],
223 silly audit   '@jridgewell/gen-mapping': [ '0.3.13' ],
223 silly audit   '@jridgewell/remapping': [ '2.3.5' ],
223 silly audit   '@jridgewell/resolve-uri': [ '3.1.2' ],
223 silly audit   '@jridgewell/sourcemap-codec': [ '1.5.5' ],
223 silly audit   '@jridgewell/trace-mapping': [ '0.3.31' ],
223 silly audit   '@napi-rs/wasm-runtime': [ '0.2.12' ],
223 silly audit   '@next/env': [ '16.1.6' ],
223 silly audit   '@next/eslint-plugin-next': [ '16.1.6' ],
223 silly audit   '@next/swc-darwin-arm64': [ '16.1.6' ],
223 silly audit   '@next/swc-darwin-x64': [ '16.1.6' ],
223 silly audit   '@next/swc-linux-arm64-gnu': [ '16.1.6' ],
223 silly audit   '@next/swc-linux-arm64-musl': [ '16.1.6' ],
223 silly audit   '@next/swc-linux-x64-gnu': [ '16.1.6' ],
223 silly audit   '@next/swc-linux-x64-musl': [ '16.1.6' ],
223 silly audit   '@next/swc-win32-arm64-msvc': [ '16.1.6' ],
223 silly audit   '@next/swc-win32-x64-msvc': [ '16.1.6' ],
223 silly audit   '@nodelib/fs.scandir': [ '2.1.5' ],
223 silly audit   '@nodelib/fs.stat': [ '2.0.5' ],
223 silly audit   '@nodelib/fs.walk': [ '1.2.8' ],
223 silly audit   '@nolyfill/is-core-module': [ '1.0.39' ],
223 silly audit   '@rtsao/scc': [ '1.1.0' ],
223 silly audit   '@swc/helpers': [ '0.5.15' ],
223 silly audit   '@tybys/wasm-util': [ '0.10.1' ],
223 silly audit   '@types/estree': [ '1.0.8' ],
223 silly audit   '@types/json-schema': [ '7.0.15' ],
223 silly audit   '@types/json5': [ '0.0.29' ],
223 silly audit   '@types/node': [ '20.19.37' ],
223 silly audit   '@types/react': [ '19.2.14' ],
223 silly audit   '@types/react-dom': [ '19.2.3' ],
223 silly audit   '@typescript-eslint/eslint-plugin': [ '8.57.0' ],
223 silly audit   ignore: [ '7.0.5', '5.3.2' ],
223 silly audit   '@typescript-eslint/parser': [ '8.57.0' ],
223 silly audit   '@typescript-eslint/project-service': [ '8.57.0' ],
223 silly audit   '@typescript-eslint/scope-manager': [ '8.57.0' ],
223 silly audit   '@typescript-eslint/tsconfig-utils': [ '8.57.0' ],
223 silly audit   '@typescript-eslint/type-utils': [ '8.57.0' ],
223 silly audit   '@typescript-eslint/types': [ '8.57.0' ],
223 silly audit   '@typescript-eslint/typescript-estree': [ '8.57.0' ],
223 silly audit   'balanced-match': [ '4.0.4', '1.0.2' ],
223 silly audit   'brace-expansion': [ '5.0.4', '1.1.12' ],
223 silly audit   minimatch: [ '10.2.4', '3.1.5' ],
223 silly audit   semver: [ '7.7.4', '6.3.1' ],
223 silly audit   '@typescript-eslint/utils': [ '8.57.0' ],
223 silly audit   '@typescript-eslint/visitor-keys': [ '8.57.0' ],
223 silly audit   '@unrs/resolver-binding-android-arm-eabi': [ '1.11.1' ],
223 silly audit   '@unrs/resolver-binding-android-arm64': [ '1.11.1' ],
223 silly audit   '@unrs/resolver-binding-darwin-arm64': [ '1.11.1' ],
223 silly audit   '@unrs/resolver-binding-darwin-x64': [ '1.11.1' ],
223 silly audit   '@unrs/resolver-binding-freebsd-x64': [ '1.11.1' ],
223 silly audit   '@unrs/resolver-binding-linux-arm-gnueabihf': [ '1.11.1' ],
223 silly audit   '@unrs/resolver-binding-linux-arm-musleabihf': [ '1.11.1' ],
223 silly audit   '@unrs/resolver-binding-linux-arm64-gnu': [ '1.11.1' ],
223 silly audit   '@unrs/resolver-binding-linux-arm64-musl': [ '1.11.1' ],
223 silly audit   '@unrs/resolver-binding-linux-ppc64-gnu': [ '1.11.1' ],
223 silly audit   '@unrs/resolver-binding-linux-riscv64-gnu': [ '1.11.1' ],
223 silly audit   '@unrs/resolver-binding-linux-riscv64-musl': [ '1.11.1' ],
223 silly audit   '@unrs/resolver-binding-linux-s390x-gnu': [ '1.11.1' ],
223 silly audit   '@unrs/resolver-binding-linux-x64-gnu': [ '1.11.1' ],
223 silly audit   '@unrs/resolver-binding-linux-x64-musl': [ '1.11.1' ],
223 silly audit   '@unrs/resolver-binding-wasm32-wasi': [ '1.11.1' ],
223 silly audit   '@unrs/resolver-binding-win32-arm64-msvc': [ '1.11.1' ],
223 silly audit   '@unrs/resolver-binding-win32-ia32-msvc': [ '1.11.1' ],
223 silly audit   '@unrs/resolver-binding-win32-x64-msvc': [ '1.11.1' ],
223 silly audit   acorn: [ '8.16.0' ],
223 silly audit   'acorn-jsx': [ '5.3.2' ],
223 silly audit   ajv: [ '6.14.0' ],
223 silly audit   'ansi-styles': [ '4.3.0' ],
223 silly audit   argparse: [ '2.0.1' ],
223 silly audit   'aria-query': [ '5.3.2' ],
223 silly audit   'array-buffer-byte-length': [ '1.0.2' ],
223 silly audit   'array-includes': [ '3.1.9' ],
223 silly audit   'array.prototype.findlast': [ '1.2.5' ],
223 silly audit   'array.prototype.findlastindex': [ '1.2.6' ],
223 silly audit   'array.prototype.flat': [ '1.3.3' ],
223 silly audit   'array.prototype.flatmap': [ '1.3.3' ],
223 silly audit   'array.prototype.tosorted': [ '1.1.4' ],
223 silly audit   'arraybuffer.prototype.slice': [ '1.0.4' ],
223 silly audit   'ast-types-flow': [ '0.0.8' ],
223 silly audit   'async-function': [ '1.0.0' ],
223 silly audit   'available-typed-arrays': [ '1.0.7' ],
223 silly audit   'axe-core': [ '4.11.1' ],
223 silly audit   'axobject-query': [ '4.1.0' ],
223 silly audit   'baseline-browser-mapping': [ '2.10.0' ],
223 silly audit   braces: [ '3.0.3' ],
223 silly audit   browserslist: [ '4.28.1' ],
223 silly audit   'call-bind': [ '1.0.8' ],
223 silly audit   'call-bind-apply-helpers': [ '1.0.2' ],
223 silly audit   'call-bound': [ '1.0.4' ],
223 silly audit   callsites: [ '3.1.0' ],
223 silly audit   'caniuse-lite': [ '1.0.30001777' ],
223 silly audit   chalk: [ '4.1.2' ],
223 silly audit   'client-only': [ '0.0.1' ],
223 silly audit   'color-convert': [ '2.0.1' ],
223 silly audit   'color-name': [ '1.1.4' ],
223 silly audit   'concat-map': [ '0.0.1' ],
223 silly audit   'convert-source-map': [ '2.0.0' ],
223 silly audit   'cross-spawn': [ '7.0.6' ],
223 silly audit   csstype: [ '3.2.3' ],
223 silly audit   'damerau-levenshtein': [ '1.0.8' ],
223 silly audit   'data-view-buffer': [ '1.0.2' ],
223 silly audit   'data-view-byte-length': [ '1.0.2' ],
223 silly audit   'data-view-byte-offset': [ '1.0.1' ],
223 silly audit   debug: [ '4.4.3', '3.2.7' ],
223 silly audit   'deep-is': [ '0.1.4' ],
223 silly audit   'define-data-property': [ '1.1.4' ],
223 silly audit   'define-properties': [ '1.2.1' ],
223 silly audit   'detect-libc': [ '2.1.2' ],
223 silly audit   doctrine: [ '2.1.0' ],
223 silly audit   'dunder-proto': [ '1.0.1' ],
223 silly audit   'electron-to-chromium': [ '1.5.307' ],
223 silly audit   'emoji-regex': [ '9.2.2' ],
223 silly audit   'es-abstract': [ '1.24.1' ],
223 silly audit   'es-define-property': [ '1.0.1' ],
223 silly audit   'es-errors': [ '1.3.0' ],
223 silly audit   'es-iterator-helpers': [ '1.2.2' ],
223 silly audit   'es-object-atoms': [ '1.1.1' ],
223 silly audit   'es-set-tostringtag': [ '2.1.0' ],
223 silly audit   'es-shim-unscopables': [ '1.1.0' ],
223 silly audit   'es-to-primitive': [ '1.3.0' ],
223 silly audit   escalade: [ '3.2.0' ],
223 silly audit   'escape-string-regexp': [ '4.0.0' ],
223 silly audit   eslint: [ '9.39.4' ],
223 silly audit   'eslint-config-next': [ '16.1.6' ],
223 silly audit   globals: [ '16.4.0', '14.0.0' ],
223 silly audit   'eslint-import-resolver-node': [ '0.3.9' ],
223 silly audit   'eslint-import-resolver-typescript': [ '3.10.1' ],
223 silly audit   'eslint-module-utils': [ '2.12.1' ],
223 silly audit   'eslint-plugin-import': [ '2.32.0' ],
223 silly audit   'eslint-plugin-jsx-a11y': [ '6.10.2' ],
223 silly audit   'eslint-plugin-react': [ '7.37.5' ],
223 silly audit   'eslint-plugin-react-hooks': [ '7.0.1' ],
223 silly audit   resolve: [ '2.0.0-next.6', '1.22.11' ],
223 silly audit   'eslint-scope': [ '8.4.0' ],
223 silly audit   espree: [ '10.4.0' ],
223 silly audit   esquery: [ '1.7.0' ],
223 silly audit   esrecurse: [ '4.3.0' ],
223 silly audit   estraverse: [ '5.3.0' ],
223 silly audit   esutils: [ '2.0.3' ],
223 silly audit   'fast-deep-equal': [ '3.1.3' ],
223 silly audit   'fast-glob': [ '3.3.1' ],
223 silly audit   'glob-parent': [ '5.1.2', '6.0.2' ],
223 silly audit   'fast-json-stable-stringify': [ '2.1.0' ],
223 silly audit   'fast-levenshtein': [ '2.0.6' ],
223 silly audit   fastq: [ '1.20.1' ],
223 silly audit   'file-entry-cache': [ '8.0.0' ],
223 silly audit   'fill-range': [ '7.1.1' ],
223 silly audit   'find-up': [ '5.0.0' ],
223 silly audit   'flat-cache': [ '4.0.1' ],
223 silly audit   flatted: [ '3.4.1' ],
223 silly audit   'for-each': [ '0.3.5' ],
223 silly audit   'function-bind': [ '1.1.2' ],
223 silly audit   'function.prototype.name': [ '1.1.8' ],
223 silly audit   'functions-have-names': [ '1.2.3' ],
223 silly audit   'generator-function': [ '2.0.1' ],
223 silly audit   gensync: [ '1.0.0-beta.2' ],
223 silly audit   'get-intrinsic': [ '1.3.0' ],
223 silly audit   'get-proto': [ '1.0.1' ],
223 silly audit   'get-symbol-description': [ '1.1.0' ],
223 silly audit   'get-tsconfig': [ '4.13.6' ],
223 silly audit   globalthis: [ '1.0.4' ],
223 silly audit   gopd: [ '1.2.0' ],
223 silly audit   'has-bigints': [ '1.1.0' ],
223 silly audit   'has-flag': [ '4.0.0' ],
223 silly audit   'has-property-descriptors': [ '1.0.2' ],
223 silly audit   'has-proto': [ '1.2.0' ],
223 silly audit   'has-symbols': [ '1.1.0' ],
223 silly audit   'has-tostringtag': [ '1.0.2' ],
223 silly audit   hasown: [ '2.0.2' ],
223 silly audit   'hermes-estree': [ '0.25.1' ],
223 silly audit   'hermes-parser': [ '0.25.1' ],
223 silly audit   'import-fresh': [ '3.3.1' ],
223 silly audit   imurmurhash: [ '0.1.4' ],
223 silly audit   'internal-slot': [ '1.1.0' ],
223 silly audit   'is-array-buffer': [ '3.0.5' ],
223 silly audit   'is-async-function': [ '2.1.1' ],
223 silly audit   'is-bigint': [ '1.1.0' ],
223 silly audit   'is-boolean-object': [ '1.2.2' ],
223 silly audit   'is-bun-module': [ '2.0.0' ],
223 silly audit   'is-callable': [ '1.2.7' ],
223 silly audit   'is-core-module': [ '2.16.1' ],
223 silly audit   'is-data-view': [ '1.0.2' ],
223 silly audit   'is-date-object': [ '1.1.0' ],
223 silly audit   'is-extglob': [ '2.1.1' ],
223 silly audit   'is-finalizationregistry': [ '1.1.1' ],
223 silly audit   'is-generator-function': [ '1.1.2' ],
223 silly audit   'is-glob': [ '4.0.3' ],
223 silly audit   'is-map': [ '2.0.3' ],
223 silly audit   'is-negative-zero': [ '2.0.3' ],
223 silly audit   'is-number': [ '7.0.0' ],
223 silly audit   'is-number-object': [ '1.1.1' ],
223 silly audit   'is-regex': [ '1.2.1' ],
223 silly audit   'is-set': [ '2.0.3' ],
223 silly audit   'is-shared-array-buffer': [ '1.0.4' ],
223 silly audit   'is-string': [ '1.1.1' ],
223 silly audit   'is-symbol': [ '1.1.1' ],
223 silly audit   'is-typed-array': [ '1.1.15' ],
223 silly audit   'is-weakmap': [ '2.0.2' ],
223 silly audit   'is-weakref': [ '1.1.1' ],
223 silly audit   'is-weakset': [ '2.0.4' ],
223 silly audit   isarray: [ '2.0.5' ],
223 silly audit   isexe: [ '2.0.0' ],
223 silly audit   'iterator.prototype': [ '1.1.5' ],
223 silly audit   jiti: [ '2.6.1' ],
223 silly audit   'js-tokens': [ '4.0.0' ],
223 silly audit   'js-yaml': [ '4.1.1' ],
223 silly audit   jsesc: [ '3.1.0' ],
223 silly audit   'json-buffer': [ '3.0.1' ],
223 silly audit   'json-schema-traverse': [ '0.4.1' ],
223 silly audit   'json-stable-stringify-without-jsonify': [ '1.0.1' ],
223 silly audit   json5: [ '2.2.3', '1.0.2' ],
223 silly audit   'jsx-ast-utils': [ '3.3.5' ],
223 silly audit   keyv: [ '4.5.4' ],
223 silly audit   'language-subtag-registry': [ '0.3.23' ],
223 silly audit   'language-tags': [ '1.0.9' ],
223 silly audit   levn: [ '0.4.1' ],
223 silly audit   'locate-path': [ '6.0.0' ],
223 silly audit   'lodash.merge': [ '4.6.2' ],
223 silly audit   'loose-envify': [ '1.4.0' ],
223 silly audit   'lru-cache': [ '5.1.1' ],
223 silly audit   'math-intrinsics': [ '1.1.0' ],
223 silly audit   merge2: [ '1.4.1' ],
223 silly audit   micromatch: [ '4.0.8' ],
223 silly audit   minimist: [ '1.2.8' ],
223 silly audit   ms: [ '2.1.3' ],
223 silly audit   nanoid: [ '3.3.11' ],
223 silly audit   'napi-postinstall': [ '0.3.4' ],
223 silly audit   'natural-compare': [ '1.4.0' ],
223 silly audit   next: [ '16.1.6' ],
223 silly audit   postcss: [ '8.4.31', '8.4.49' ],
223 silly audit   'node-exports-info': [ '1.6.0' ],
223 silly audit   'node-releases': [ '2.0.36' ],
223 silly audit   'object-assign': [ '4.1.1' ],
223 silly audit   'object-inspect': [ '1.13.4' ],
223 silly audit   'object-keys': [ '1.1.1' ],
223 silly audit   'object.assign': [ '4.1.7' ],
223 silly audit   'object.entries': [ '1.1.9' ],
223 silly audit   'object.fromentries': [ '2.0.8' ],
223 silly audit   'object.groupby': [ '1.0.3' ],
223 silly audit   'object.values': [ '1.2.1' ],
223 silly audit   optionator: [ '0.9.4' ],
223 silly audit   'own-keys': [ '1.0.1' ],
223 silly audit   'p-limit': [ '3.1.0' ],
223 silly audit   'p-locate': [ '5.0.0' ],
223 silly audit   'parent-module': [ '1.0.1' ],
223 silly audit   'path-exists': [ '4.0.0' ],
223 silly audit   'path-key': [ '3.1.1' ],
223 silly audit   'path-parse': [ '1.0.7' ],
223 silly audit   picocolors: [ '1.1.1' ],
223 silly audit   picomatch: [ '2.3.1', '4.0.3' ],
223 silly audit   'possible-typed-array-names': [ '1.1.0' ],
223 silly audit   'prelude-ls': [ '1.2.1' ],
223 silly audit   'prop-types': [ '15.8.1' ],
223 silly audit   punycode: [ '2.3.1' ],
223 silly audit   'queue-microtask': [ '1.2.3' ],
223 silly audit   react: [ '19.2.3' ],
223 silly audit   'react-dom': [ '19.2.3' ],
223 silly audit   'react-is': [ '16.13.1' ],
223 silly audit   'reflect.getprototypeof': [ '1.0.10' ],
223 silly audit   'regexp.prototype.flags': [ '1.5.4' ],
223 silly audit   'resolve-from': [ '4.0.0' ],
223 silly audit   'resolve-pkg-maps': [ '1.0.0' ],
223 silly audit   reusify: [ '1.1.0' ],
223 silly audit   'run-parallel': [ '1.2.0' ],
223 silly audit   'safe-array-concat': [ '1.1.3' ],
223 silly audit   'safe-push-apply': [ '1.0.0' ],
223 silly audit   'safe-regex-test': [ '1.1.0' ],
223 silly audit   scheduler: [ '0.27.0' ],
223 silly audit   'set-function-length': [ '1.2.2' ],
223 silly audit   'set-function-name': [ '2.0.2' ],
223 silly audit   'set-proto': [ '1.0.0' ],
223 silly audit   sharp: [ '0.34.5' ],
223 silly audit   'shebang-command': [ '2.0.0' ],
223 silly audit   'shebang-regex': [ '3.0.0' ],
223 silly audit   'side-channel': [ '1.1.0' ],
223 silly audit   'side-channel-list': [ '1.0.0' ],
223 silly audit   'side-channel-map': [ '1.0.1' ],
223 silly audit   'side-channel-weakmap': [ '1.0.2' ],
223 silly audit   'source-map-js': [ '1.2.1' ],
223 silly audit   'stable-hash': [ '0.0.5' ],
223 silly audit   'stop-iteration-iterator': [ '1.1.0' ],
223 silly audit   'string.prototype.includes': [ '2.0.1' ],
223 silly audit   'string.prototype.matchall': [ '4.0.12' ],
223 silly audit   'string.prototype.repeat': [ '1.0.0' ],
223 silly audit   'string.prototype.trim': [ '1.2.10' ],
223 silly audit   'string.prototype.trimend': [ '1.0.9' ],
223 silly audit   'string.prototype.trimstart': [ '1.0.8' ],
223 silly audit   'strip-bom': [ '3.0.0' ],
223 silly audit   'strip-json-comments': [ '3.1.1' ],
223 silly audit   'styled-jsx': [ '5.1.6' ],
223 silly audit   'supports-color': [ '7.2.0' ],
223 silly audit   'supports-preserve-symlinks-flag': [ '1.0.0' ],
223 silly audit   tinyglobby: [ '0.2.15' ],
223 silly audit   fdir: [ '6.5.0' ],
223 silly audit   'to-regex-range': [ '5.0.1' ],
223 silly audit   'ts-api-utils': [ '2.4.0' ],
223 silly audit   'tsconfig-paths': [ '3.15.0' ],
223 silly audit   tslib: [ '2.8.1' ],
223 silly audit   'type-check': [ '0.4.0' ],
223 silly audit   'typed-array-buffer': [ '1.0.3' ],
223 silly audit   'typed-array-byte-length': [ '1.0.3' ],
223 silly audit   'typed-array-byte-offset': [ '1.0.4' ],
223 silly audit   'typed-array-length': [ '1.0.7' ],
223 silly audit   typescript: [ '5.9.3' ],
223 silly audit   'typescript-eslint': [ '8.57.0' ],
223 silly audit   'unbox-primitive': [ '1.1.0' ],
223 silly audit   'undici-types': [ '6.21.0' ],
223 silly audit   'unrs-resolver': [ '1.11.1' ],
223 silly audit   'update-browserslist-db': [ '1.2.3' ],
223 silly audit   'uri-js': [ '4.4.1' ],
223 silly audit   which: [ '2.0.2' ],
223 silly audit   'which-boxed-primitive': [ '1.1.1' ],
223 silly audit   'which-builtin-type': [ '1.2.1' ],
223 silly audit   'which-collection': [ '1.0.2' ],
223 silly audit   'which-typed-array': [ '1.1.20' ],
223 silly audit   'word-wrap': [ '1.2.5' ],
223 silly audit   yallist: [ '3.1.1' ],
223 silly audit   'yocto-queue': [ '0.1.0' ],
223 silly audit   'zod-validation-error': [ '4.0.2' ],
223 silly audit   '@dnd-kit/core': [ '6.3.1' ],
223 silly audit   '@dnd-kit/sortable': [ '10.0.0' ],
223 silly audit   '@dnd-kit/utilities': [ '3.2.2' ],
223 silly audit   '@types/styled-components': [ '5.1.36' ],
223 silly audit   mongodb: [ '7.1.0' ],
223 silly audit   'styled-components': [ '6.3.11' ],
223 silly audit   zod: [ '4.3.6' ],
223 silly audit   '@dnd-kit/accessibility': [ '3.1.1' ],
223 silly audit   '@types/hoist-non-react-statics': [ '3.3.7' ],
223 silly audit   'hoist-non-react-statics': [ '3.3.2' ],
223 silly audit   '@mongodb-js/saslprep': [ '1.4.6' ],
223 silly audit   bson: [ '7.2.0' ],
223 silly audit   'mongodb-connection-string-url': [ '7.0.1' ],
223 silly audit   'sparse-bitfield': [ '3.0.3' ],
223 silly audit   '@types/whatwg-url': [ '13.0.0' ],
223 silly audit   'whatwg-url': [ '14.2.0' ],
223 silly audit   '@types/webidl-conversions': [ '7.0.3' ],
223 silly audit   'memory-pager': [ '1.5.0' ],
223 silly audit   '@emotion/is-prop-valid': [ '1.4.0' ],
223 silly audit   '@emotion/unitless': [ '0.10.0' ],
223 silly audit   '@types/stylis': [ '4.2.7' ],
223 silly audit   'css-to-react-native': [ '3.2.0' ],
223 silly audit   shallowequal: [ '1.1.0' ],
223 silly audit   stylis: [ '4.3.6' ],
223 silly audit   '@emotion/memoize': [ '0.9.0' ],
223 silly audit   camelize: [ '1.0.1' ],
223 silly audit   'css-color-keywords': [ '1.0.0' ],
223 silly audit   'postcss-value-parser': [ '4.2.0' ],
223 silly audit   tr46: [ '5.1.1' ],
223 silly audit   'webidl-conversions': [ '7.0.0' ]
223 silly audit }
224 verbose reify failed optional dependency C:\projects\темтовое\calendar-app\node_modules\@unrs\resolver-binding-win32-ia32-msvc
225 silly reify mark deleted [
225 silly reify   'C:\\projects\\темтовое\\calendar-app\\node_modules\\@unrs\\resolver-binding-win32-ia32-msvc'
225 silly reify ]
226 verbose reify failed optional dependency C:\projects\темтовое\calendar-app\node_modules\@unrs\resolver-binding-win32-arm64-msvc
227 silly reify mark deleted [
227 silly reify   'C:\\projects\\темтовое\\calendar-app\\node_modules\\@unrs\\resolver-binding-win32-arm64-msvc'
227 silly reify ]
228 verbose reify failed optional dependency C:\projects\темтовое\calendar-app\node_modules\@unrs\resolver-binding-wasm32-wasi
229 silly reify mark deleted [
229 silly reify   'C:\\projects\\темтовое\\calendar-app\\node_modules\\@unrs\\resolver-binding-wasm32-wasi'
229 silly reify ]
230 verbose reify failed optional dependency C:\projects\темтовое\calendar-app\node_modules\@napi-rs\wasm-runtime
231 silly reify mark deleted [
231 silly reify   'C:\\projects\\темтовое\\calendar-app\\node_modules\\@napi-rs\\wasm-runtime'
231 silly reify ]
232 verbose reify failed optional dependency C:\projects\темтовое\calendar-app\node_modules\@emnapi\core
233 silly reify mark deleted [ 'C:\\projects\\темтовое\\calendar-app\\node_modules\\@emnapi\\core' ]
234 verbose reify failed optional dependency C:\projects\темтовое\calendar-app\node_modules\@tybys\wasm-util
235 silly reify mark deleted [
235 silly reify   'C:\\projects\\темтовое\\calendar-app\\node_modules\\@tybys\\wasm-util'
235 silly reify ]
236 verbose reify failed optional dependency C:\projects\темтовое\calendar-app\node_modules\@emnapi\wasi-threads
237 silly reify mark deleted [
237 silly reify   'C:\\projects\\темтовое\\calendar-app\\node_modules\\@emnapi\\wasi-threads'
237 silly reify ]
238 verbose reify failed optional dependency C:\projects\темтовое\calendar-app\node_modules\@unrs\resolver-binding-linux-x64-musl
239 silly reify mark deleted [
239 silly reify   'C:\\projects\\темтовое\\calendar-app\\node_modules\\@unrs\\resolver-binding-linux-x64-musl'
239 silly reify ]
240 verbose reify failed optional dependency C:\projects\темтовое\calendar-app\node_modules\@unrs\resolver-binding-linux-x64-gnu
241 silly reify mark deleted [
241 silly reify   'C:\\projects\\темтовое\\calendar-app\\node_modules\\@unrs\\resolver-binding-linux-x64-gnu'
241 silly reify ]
242 verbose reify failed optional dependency C:\projects\темтовое\calendar-app\node_modules\@unrs\resolver-binding-linux-s390x-gnu
243 silly reify mark deleted [
243 silly reify   'C:\\projects\\темтовое\\calendar-app\\node_modules\\@unrs\\resolver-binding-linux-s390x-gnu'
243 silly reify ]
244 verbose reify failed optional dependency C:\projects\темтовое\calendar-app\node_modules\@unrs\resolver-binding-linux-riscv64-musl
245 silly reify mark deleted [
245 silly reify   'C:\\projects\\темтовое\\calendar-app\\node_modules\\@unrs\\resolver-binding-linux-riscv64-musl'
245 silly reify ]
246 verbose reify failed optional dependency C:\projects\темтовое\calendar-app\node_modules\@unrs\resolver-binding-linux-riscv64-gnu
247 silly reify mark deleted [
247 silly reify   'C:\\projects\\темтовое\\calendar-app\\node_modules\\@unrs\\resolver-binding-linux-riscv64-gnu'
247 silly reify ]
248 verbose reify failed optional dependency C:\projects\темтовое\calendar-app\node_modules\@unrs\resolver-binding-linux-ppc64-gnu
249 silly reify mark deleted [
249 silly reify   'C:\\projects\\темтовое\\calendar-app\\node_modules\\@unrs\\resolver-binding-linux-ppc64-gnu'
249 silly reify ]
250 verbose reify failed optional dependency C:\projects\темтовое\calendar-app\node_modules\@unrs\resolver-binding-linux-arm64-musl
251 silly reify mark deleted [
251 silly reify   'C:\\projects\\темтовое\\calendar-app\\node_modules\\@unrs\\resolver-binding-linux-arm64-musl'
251 silly reify ]
252 verbose reify failed optional dependency C:\projects\темтовое\calendar-app\node_modules\@unrs\resolver-binding-linux-arm64-gnu
253 silly reify mark deleted [
253 silly reify   'C:\\projects\\темтовое\\calendar-app\\node_modules\\@unrs\\resolver-binding-linux-arm64-gnu'
253 silly reify ]
254 verbose reify failed optional dependency C:\projects\темтовое\calendar-app\node_modules\@unrs\resolver-binding-linux-arm-musleabihf
255 silly reify mark deleted [
255 silly reify   'C:\\projects\\темтовое\\calendar-app\\node_modules\\@unrs\\resolver-binding-linux-arm-musleabihf'
255 silly reify ]
256 verbose reify failed optional dependency C:\projects\темтовое\calendar-app\node_modules\@unrs\resolver-binding-linux-arm-gnueabihf
257 silly reify mark deleted [
257 silly reify   'C:\\projects\\темтовое\\calendar-app\\node_modules\\@unrs\\resolver-binding-linux-arm-gnueabihf'
257 silly reify ]
258 verbose reify failed optional dependency C:\projects\темтовое\calendar-app\node_modules\@unrs\resolver-binding-freebsd-x64
259 silly reify mark deleted [
259 silly reify   'C:\\projects\\темтовое\\calendar-app\\node_modules\\@unrs\\resolver-binding-freebsd-x64'
259 silly reify ]
260 verbose reify failed optional dependency C:\projects\темтовое\calendar-app\node_modules\@unrs\resolver-binding-darwin-x64
261 silly reify mark deleted [
261 silly reify   'C:\\projects\\темтовое\\calendar-app\\node_modules\\@unrs\\resolver-binding-darwin-x64'
261 silly reify ]
262 verbose reify failed optional dependency C:\projects\темтовое\calendar-app\node_modules\@unrs\resolver-binding-darwin-arm64
263 silly reify mark deleted [
263 silly reify   'C:\\projects\\темтовое\\calendar-app\\node_modules\\@unrs\\resolver-binding-darwin-arm64'
263 silly reify ]
264 verbose reify failed optional dependency C:\projects\темтовое\calendar-app\node_modules\@unrs\resolver-binding-android-arm64
265 silly reify mark deleted [
265 silly reify   'C:\\projects\\темтовое\\calendar-app\\node_modules\\@unrs\\resolver-binding-android-arm64'
265 silly reify ]
266 verbose reify failed optional dependency C:\projects\темтовое\calendar-app\node_modules\@unrs\resolver-binding-android-arm-eabi
267 silly reify mark deleted [
267 silly reify   'C:\\projects\\темтовое\\calendar-app\\node_modules\\@unrs\\resolver-binding-android-arm-eabi'
267 silly reify ]
268 verbose reify failed optional dependency C:\projects\темтовое\calendar-app\node_modules\@next\swc-win32-arm64-msvc
269 silly reify mark deleted [
269 silly reify   'C:\\projects\\темтовое\\calendar-app\\node_modules\\@next\\swc-win32-arm64-msvc'
269 silly reify ]
270 verbose reify failed optional dependency C:\projects\темтовое\calendar-app\node_modules\@next\swc-linux-x64-musl
271 silly reify mark deleted [
271 silly reify   'C:\\projects\\темтовое\\calendar-app\\node_modules\\@next\\swc-linux-x64-musl'
271 silly reify ]
272 verbose reify failed optional dependency C:\projects\темтовое\calendar-app\node_modules\@next\swc-linux-x64-gnu
273 silly reify mark deleted [
273 silly reify   'C:\\projects\\темтовое\\calendar-app\\node_modules\\@next\\swc-linux-x64-gnu'
273 silly reify ]
274 verbose reify failed optional dependency C:\projects\темтовое\calendar-app\node_modules\@next\swc-linux-arm64-musl
275 silly reify mark deleted [
275 silly reify   'C:\\projects\\темтовое\\calendar-app\\node_modules\\@next\\swc-linux-arm64-musl'
275 silly reify ]
276 verbose reify failed optional dependency C:\projects\темтовое\calendar-app\node_modules\@next\swc-linux-arm64-gnu
277 silly reify mark deleted [
277 silly reify   'C:\\projects\\темтовое\\calendar-app\\node_modules\\@next\\swc-linux-arm64-gnu'
277 silly reify ]
278 verbose reify failed optional dependency C:\projects\темтовое\calendar-app\node_modules\@next\swc-darwin-x64
279 silly reify mark deleted [
279 silly reify   'C:\\projects\\темтовое\\calendar-app\\node_modules\\@next\\swc-darwin-x64'
279 silly reify ]
280 verbose reify failed optional dependency C:\projects\темтовое\calendar-app\node_modules\@next\swc-darwin-arm64
281 silly reify mark deleted [
281 silly reify   'C:\\projects\\темтовое\\calendar-app\\node_modules\\@next\\swc-darwin-arm64'
281 silly reify ]
282 verbose reify failed optional dependency C:\projects\темтовое\calendar-app\node_modules\@img\sharp-win32-ia32
283 silly reify mark deleted [
283 silly reify   'C:\\projects\\темтовое\\calendar-app\\node_modules\\@img\\sharp-win32-ia32'
283 silly reify ]
284 verbose reify failed optional dependency C:\projects\темтовое\calendar-app\node_modules\@img\sharp-win32-arm64
285 silly reify mark deleted [
285 silly reify   'C:\\projects\\темтовое\\calendar-app\\node_modules\\@img\\sharp-win32-arm64'
285 silly reify ]
286 verbose reify failed optional dependency C:\projects\темтовое\calendar-app\node_modules\@img\sharp-wasm32
287 silly reify mark deleted [
287 silly reify   'C:\\projects\\темтовое\\calendar-app\\node_modules\\@img\\sharp-wasm32'
287 silly reify ]
288 verbose reify failed optional dependency C:\projects\темтовое\calendar-app\node_modules\@img\sharp-linuxmusl-x64
289 silly reify mark deleted [
289 silly reify   'C:\\projects\\темтовое\\calendar-app\\node_modules\\@img\\sharp-linuxmusl-x64'
289 silly reify ]
290 verbose reify failed optional dependency C:\projects\темтовое\calendar-app\node_modules\@img\sharp-linuxmusl-arm64
291 silly reify mark deleted [
291 silly reify   'C:\\projects\\темтовое\\calendar-app\\node_modules\\@img\\sharp-linuxmusl-arm64'
291 silly reify ]
292 verbose reify failed optional dependency C:\projects\темтовое\calendar-app\node_modules\@img\sharp-linux-x64
293 silly reify mark deleted [
293 silly reify   'C:\\projects\\темтовое\\calendar-app\\node_modules\\@img\\sharp-linux-x64'
293 silly reify ]
294 verbose reify failed optional dependency C:\projects\темтовое\calendar-app\node_modules\@img\sharp-linux-s390x
295 silly reify mark deleted [
295 silly reify   'C:\\projects\\темтовое\\calendar-app\\node_modules\\@img\\sharp-linux-s390x'
295 silly reify ]
296 verbose reify failed optional dependency C:\projects\темтовое\calendar-app\node_modules\@img\sharp-linux-riscv64
297 silly reify mark deleted [
297 silly reify   'C:\\projects\\темтовое\\calendar-app\\node_modules\\@img\\sharp-linux-riscv64'
297 silly reify ]
298 verbose reify failed optional dependency C:\projects\темтовое\calendar-app\node_modules\@img\sharp-linux-ppc64
299 silly reify mark deleted [
299 silly reify   'C:\\projects\\темтовое\\calendar-app\\node_modules\\@img\\sharp-linux-ppc64'
299 silly reify ]
300 verbose reify failed optional dependency C:\projects\темтовое\calendar-app\node_modules\@img\sharp-linux-arm64
301 silly reify mark deleted [
301 silly reify   'C:\\projects\\темтовое\\calendar-app\\node_modules\\@img\\sharp-linux-arm64'
301 silly reify ]
302 verbose reify failed optional dependency C:\projects\темтовое\calendar-app\node_modules\@img\sharp-linux-arm
303 silly reify mark deleted [
303 silly reify   'C:\\projects\\темтовое\\calendar-app\\node_modules\\@img\\sharp-linux-arm'
303 silly reify ]
304 verbose reify failed optional dependency C:\projects\темтовое\calendar-app\node_modules\@img\sharp-libvips-linuxmusl-x64
305 silly reify mark deleted [
305 silly reify   'C:\\projects\\темтовое\\calendar-app\\node_modules\\@img\\sharp-libvips-linuxmusl-x64'
305 silly reify ]
306 verbose reify failed optional dependency C:\projects\темтовое\calendar-app\node_modules\@img\sharp-libvips-linuxmusl-arm64
307 silly reify mark deleted [
307 silly reify   'C:\\projects\\темтовое\\calendar-app\\node_modules\\@img\\sharp-libvips-linuxmusl-arm64'
307 silly reify ]
308 verbose reify failed optional dependency C:\projects\темтовое\calendar-app\node_modules\@img\sharp-libvips-linux-x64
309 silly reify mark deleted [
309 silly reify   'C:\\projects\\темтовое\\calendar-app\\node_modules\\@img\\sharp-libvips-linux-x64'
309 silly reify ]
310 verbose reify failed optional dependency C:\projects\темтовое\calendar-app\node_modules\@img\sharp-libvips-linux-s390x
311 silly reify mark deleted [
311 silly reify   'C:\\projects\\темтовое\\calendar-app\\node_modules\\@img\\sharp-libvips-linux-s390x'
311 silly reify ]
312 verbose reify failed optional dependency C:\projects\темтовое\calendar-app\node_modules\@img\sharp-libvips-linux-riscv64
313 silly reify mark deleted [
313 silly reify   'C:\\projects\\темтовое\\calendar-app\\node_modules\\@img\\sharp-libvips-linux-riscv64'
313 silly reify ]
314 verbose reify failed optional dependency C:\projects\темтовое\calendar-app\node_modules\@img\sharp-libvips-linux-ppc64
315 silly reify mark deleted [
315 silly reify   'C:\\projects\\темтовое\\calendar-app\\node_modules\\@img\\sharp-libvips-linux-ppc64'
315 silly reify ]
316 verbose reify failed optional dependency C:\projects\темтовое\calendar-app\node_modules\@img\sharp-libvips-linux-arm64
317 silly reify mark deleted [
317 silly reify   'C:\\projects\\темтовое\\calendar-app\\node_modules\\@img\\sharp-libvips-linux-arm64'
317 silly reify ]
318 verbose reify failed optional dependency C:\projects\темтовое\calendar-app\node_modules\@img\sharp-libvips-linux-arm
319 silly reify mark deleted [
319 silly reify   'C:\\projects\\темтовое\\calendar-app\\node_modules\\@img\\sharp-libvips-linux-arm'
319 silly reify ]
320 verbose reify failed optional dependency C:\projects\темтовое\calendar-app\node_modules\@img\sharp-libvips-darwin-x64
321 silly reify mark deleted [
321 silly reify   'C:\\projects\\темтовое\\calendar-app\\node_modules\\@img\\sharp-libvips-darwin-x64'
321 silly reify ]
322 verbose reify failed optional dependency C:\projects\темтовое\calendar-app\node_modules\@img\sharp-libvips-darwin-arm64
323 silly reify mark deleted [
323 silly reify   'C:\\projects\\темтовое\\calendar-app\\node_modules\\@img\\sharp-libvips-darwin-arm64'
323 silly reify ]
324 verbose reify failed optional dependency C:\projects\темтовое\calendar-app\node_modules\@img\sharp-darwin-x64
325 silly reify mark deleted [
325 silly reify   'C:\\projects\\темтовое\\calendar-app\\node_modules\\@img\\sharp-darwin-x64'
325 silly reify ]
326 verbose reify failed optional dependency C:\projects\темтовое\calendar-app\node_modules\@img\sharp-darwin-arm64
327 silly reify mark deleted [
327 silly reify   'C:\\projects\\темтовое\\calendar-app\\node_modules\\@img\\sharp-darwin-arm64'
327 silly reify ]
328 http cache webidl-conversions@https://registry.npmjs.org/webidl-conversions/-/webidl-conversions-7.0.0.tgz 0ms (cache hit)
329 http cache tr46@https://registry.npmjs.org/tr46/-/tr46-5.1.1.tgz 0ms (cache hit)
330 http cache postcss-value-parser@https://registry.npmjs.org/postcss-value-parser/-/postcss-value-parser-4.2.0.tgz 0ms (cache hit)
331 http cache camelize@https://registry.npmjs.org/camelize/-/camelize-1.0.1.tgz 0ms (cache hit)
332 http cache @emotion/memoize@https://registry.npmjs.org/@emotion/memoize/-/memoize-0.9.0.tgz 0ms (cache hit)
333 http cache css-color-keywords@https://registry.npmjs.org/css-color-keywords/-/css-color-keywords-1.0.0.tgz 0ms (cache hit)
334 http cache stylis@https://registry.npmjs.org/stylis/-/stylis-4.3.6.tgz 0ms (cache hit)
335 http cache shallowequal@https://registry.npmjs.org/shallowequal/-/shallowequal-1.1.0.tgz 0ms (cache hit)
336 http cache postcss@https://registry.npmjs.org/postcss/-/postcss-8.4.49.tgz 0ms (cache hit)
337 http cache css-to-react-native@https://registry.npmjs.org/css-to-react-native/-/css-to-react-native-3.2.0.tgz 0ms (cache hit)
338 http cache @types/stylis@https://registry.npmjs.org/@types/stylis/-/stylis-4.2.7.tgz 0ms (cache hit)
339 http cache @emotion/unitless@https://registry.npmjs.org/@emotion/unitless/-/unitless-0.10.0.tgz 0ms (cache hit)
340 http cache @emotion/is-prop-valid@https://registry.npmjs.org/@emotion/is-prop-valid/-/is-prop-valid-1.4.0.tgz 0ms (cache hit)
341 http cache @types/webidl-conversions@https://registry.npmjs.org/@types/webidl-conversions/-/webidl-conversions-7.0.3.tgz 0ms (cache hit)
342 http cache memory-pager@https://registry.npmjs.org/memory-pager/-/memory-pager-1.5.0.tgz 0ms (cache hit)
343 http cache @types/whatwg-url@https://registry.npmjs.org/@types/whatwg-url/-/whatwg-url-13.0.0.tgz 0ms (cache hit)
344 http cache whatwg-url@https://registry.npmjs.org/whatwg-url/-/whatwg-url-14.2.0.tgz 0ms (cache hit)
345 http cache sparse-bitfield@https://registry.npmjs.org/sparse-bitfield/-/sparse-bitfield-3.0.3.tgz 0ms (cache hit)
346 http cache @mongodb-js/saslprep@https://registry.npmjs.org/@mongodb-js/saslprep/-/saslprep-1.4.6.tgz 0ms (cache hit)
347 http cache mongodb-connection-string-url@https://registry.npmjs.org/mongodb-connection-string-url/-/mongodb-connection-string-url-7.0.1.tgz 0ms (cache hit)
348 http cache bson@https://registry.npmjs.org/bson/-/bson-7.2.0.tgz 0ms (cache hit)
349 http cache @types/hoist-non-react-statics@https://registry.npmjs.org/@types/hoist-non-react-statics/-/hoist-non-react-statics-3.3.7.tgz 0ms (cache hit)
350 http cache @dnd-kit/accessibility@https://registry.npmjs.org/@dnd-kit/accessibility/-/accessibility-3.1.1.tgz 0ms (cache hit)
351 http cache @types/styled-components@https://registry.npmjs.org/@types/styled-components/-/styled-components-5.1.36.tgz 0ms (cache hit)
352 http cache @dnd-kit/utilities@https://registry.npmjs.org/@dnd-kit/utilities/-/utilities-3.2.2.tgz 0ms (cache hit)
353 http cache @dnd-kit/sortable@https://registry.npmjs.org/@dnd-kit/sortable/-/sortable-10.0.0.tgz 0ms (cache hit)
354 http cache hoist-non-react-statics@https://registry.npmjs.org/hoist-non-react-statics/-/hoist-non-react-statics-3.3.2.tgz 0ms (cache hit)
355 http cache styled-components@https://registry.npmjs.org/styled-components/-/styled-components-6.3.11.tgz 0ms (cache hit)
356 http cache mongodb@https://registry.npmjs.org/mongodb/-/mongodb-7.1.0.tgz 0ms (cache hit)
357 http cache @dnd-kit/core@https://registry.npmjs.org/@dnd-kit/core/-/core-6.3.1.tgz 0ms (cache hit)
358 http cache @tybys/wasm-util@https://registry.npmjs.org/@tybys/wasm-util/-/wasm-util-0.10.1.tgz 0ms (cache hit)
359 http cache @emnapi/wasi-threads@https://registry.npmjs.org/@emnapi/wasi-threads/-/wasi-threads-1.1.0.tgz 0ms (cache hit)
360 http cache @napi-rs/wasm-runtime@https://registry.npmjs.org/@napi-rs/wasm-runtime/-/wasm-runtime-0.2.12.tgz 0ms (cache hit)
361 http cache @emnapi/core@https://registry.npmjs.org/@emnapi/core/-/core-1.8.1.tgz 0ms (cache hit)
362 silly tarball no local data for webidl-conversions@https://registry.npmjs.org/webidl-conversions/-/webidl-conversions-7.0.0.tgz. Extracting by manifest.
363 silly tarball no local data for tr46@https://registry.npmjs.org/tr46/-/tr46-5.1.1.tgz. Extracting by manifest.
364 silly tarball no local data for postcss-value-parser@https://registry.npmjs.org/postcss-value-parser/-/postcss-value-parser-4.2.0.tgz. Extracting by manifest.
365 silly tarball no local data for camelize@https://registry.npmjs.org/camelize/-/camelize-1.0.1.tgz. Extracting by manifest.
366 silly tarball no local data for @emotion/memoize@https://registry.npmjs.org/@emotion/memoize/-/memoize-0.9.0.tgz. Extracting by manifest.
367 silly tarball no local data for css-color-keywords@https://registry.npmjs.org/css-color-keywords/-/css-color-keywords-1.0.0.tgz. Extracting by manifest.
368 silly tarball no local data for stylis@https://registry.npmjs.org/stylis/-/stylis-4.3.6.tgz. Extracting by manifest.
369 silly tarball no local data for shallowequal@https://registry.npmjs.org/shallowequal/-/shallowequal-1.1.0.tgz. Extracting by manifest.
370 silly tarball no local data for postcss@https://registry.npmjs.org/postcss/-/postcss-8.4.49.tgz. Extracting by manifest.
371 silly tarball no local data for css-to-react-native@https://registry.npmjs.org/css-to-react-native/-/css-to-react-native-3.2.0.tgz. Extracting by manifest.
372 silly tarball no local data for @types/stylis@https://registry.npmjs.org/@types/stylis/-/stylis-4.2.7.tgz. Extracting by manifest.
373 silly tarball no local data for @emotion/unitless@https://registry.npmjs.org/@emotion/unitless/-/unitless-0.10.0.tgz. Extracting by manifest.
374 silly tarball no local data for @emotion/is-prop-valid@https://registry.npmjs.org/@emotion/is-prop-valid/-/is-prop-valid-1.4.0.tgz. Extracting by manifest.
375 silly tarball no local data for @types/webidl-conversions@https://registry.npmjs.org/@types/webidl-conversions/-/webidl-conversions-7.0.3.tgz. Extracting by manifest.
376 silly tarball no local data for memory-pager@https://registry.npmjs.org/memory-pager/-/memory-pager-1.5.0.tgz. Extracting by manifest.
377 silly tarball no local data for @types/whatwg-url@https://registry.npmjs.org/@types/whatwg-url/-/whatwg-url-13.0.0.tgz. Extracting by manifest.
378 silly tarball no local data for whatwg-url@https://registry.npmjs.org/whatwg-url/-/whatwg-url-14.2.0.tgz. Extracting by manifest.
379 silly tarball no local data for sparse-bitfield@https://registry.npmjs.org/sparse-bitfield/-/sparse-bitfield-3.0.3.tgz. Extracting by manifest.
380 silly tarball no local data for @mongodb-js/saslprep@https://registry.npmjs.org/@mongodb-js/saslprep/-/saslprep-1.4.6.tgz. Extracting by manifest.
381 silly tarball no local data for mongodb-connection-string-url@https://registry.npmjs.org/mongodb-connection-string-url/-/mongodb-connection-string-url-7.0.1.tgz. Extracting by manifest.
382 silly tarball no local data for bson@https://registry.npmjs.org/bson/-/bson-7.2.0.tgz. Extracting by manifest.
383 silly tarball no local data for @types/hoist-non-react-statics@https://registry.npmjs.org/@types/hoist-non-react-statics/-/hoist-non-react-statics-3.3.7.tgz. Extracting by manifest.
384 silly tarball no local data for @dnd-kit/accessibility@https://registry.npmjs.org/@dnd-kit/accessibility/-/accessibility-3.1.1.tgz. Extracting by manifest.
385 silly tarball no local data for @types/styled-components@https://registry.npmjs.org/@types/styled-components/-/styled-components-5.1.36.tgz. Extracting by manifest.
386 silly tarball no local data for @dnd-kit/utilities@https://registry.npmjs.org/@dnd-kit/utilities/-/utilities-3.2.2.tgz. Extracting by manifest.
387 silly tarball no local data for @dnd-kit/sortable@https://registry.npmjs.org/@dnd-kit/sortable/-/sortable-10.0.0.tgz. Extracting by manifest.
388 silly tarball no local data for hoist-non-react-statics@https://registry.npmjs.org/hoist-non-react-statics/-/hoist-non-react-statics-3.3.2.tgz. Extracting by manifest.
389 silly tarball no local data for styled-components@https://registry.npmjs.org/styled-components/-/styled-components-6.3.11.tgz. Extracting by manifest.
390 silly tarball no local data for mongodb@https://registry.npmjs.org/mongodb/-/mongodb-7.1.0.tgz. Extracting by manifest.
391 silly tarball no local data for @dnd-kit/core@https://registry.npmjs.org/@dnd-kit/core/-/core-6.3.1.tgz. Extracting by manifest.
392 silly tarball no local data for @tybys/wasm-util@https://registry.npmjs.org/@tybys/wasm-util/-/wasm-util-0.10.1.tgz. Extracting by manifest.
393 silly tarball no local data for @emnapi/wasi-threads@https://registry.npmjs.org/@emnapi/wasi-threads/-/wasi-threads-1.1.0.tgz. Extracting by manifest.
394 silly tarball no local data for @napi-rs/wasm-runtime@https://registry.npmjs.org/@napi-rs/wasm-runtime/-/wasm-runtime-0.2.12.tgz. Extracting by manifest.
395 silly tarball no local data for @emnapi/core@https://registry.npmjs.org/@emnapi/core/-/core-1.8.1.tgz. Extracting by manifest.
396 http fetch POST 200 https://registry.npmjs.org/-/npm/v1/security/advisories/bulk 320ms
397 silly audit report {}
398 http fetch GET 200 https://registry.npmjs.org/camelize/-/camelize-1.0.1.tgz 415ms (cache miss)
399 http fetch GET 200 https://registry.npmjs.org/webidl-conversions/-/webidl-conversions-7.0.0.tgz 445ms (cache miss)
400 http fetch GET 200 https://registry.npmjs.org/memory-pager/-/memory-pager-1.5.0.tgz 510ms (cache miss)
401 http fetch GET 200 https://registry.npmjs.org/css-color-keywords/-/css-color-keywords-1.0.0.tgz 517ms (cache miss)
402 http fetch GET 200 https://registry.npmjs.org/sparse-bitfield/-/sparse-bitfield-3.0.3.tgz 511ms (cache miss)
403 http fetch GET 200 https://registry.npmjs.org/@types/whatwg-url/-/whatwg-url-13.0.0.tgz 532ms (cache miss)
404 http fetch GET 200 https://registry.npmjs.org/@types/hoist-non-react-statics/-/hoist-non-react-statics-3.3.7.tgz 540ms (cache miss)
405 http fetch GET 200 https://registry.npmjs.org/@emotion/memoize/-/memoize-0.9.0.tgz 584ms (cache miss)
406 http fetch GET 200 https://registry.npmjs.org/@types/stylis/-/stylis-4.2.7.tgz 615ms (cache miss)
407 http fetch GET 200 https://registry.npmjs.org/@types/webidl-conversions/-/webidl-conversions-7.0.3.tgz 626ms (cache miss)
408 http fetch GET 200 https://registry.npmjs.org/shallowequal/-/shallowequal-1.1.0.tgz 634ms (cache miss)
409 http fetch GET 200 https://registry.npmjs.org/postcss-value-parser/-/postcss-value-parser-4.2.0.tgz 725ms (cache miss)
410 http fetch GET 200 https://registry.npmjs.org/mongodb-connection-string-url/-/mongodb-connection-string-url-7.0.1.tgz 773ms (cache miss)
411 http fetch GET 200 https://registry.npmjs.org/hoist-non-react-statics/-/hoist-non-react-statics-3.3.2.tgz 806ms (cache miss)
412 http fetch GET 200 https://registry.npmjs.org/tr46/-/tr46-5.1.1.tgz 839ms (cache miss)
413 http fetch GET 200 https://registry.npmjs.org/@types/styled-components/-/styled-components-5.1.36.tgz 823ms (cache miss)
414 http fetch GET 200 https://registry.npmjs.org/@emotion/unitless/-/unitless-0.10.0.tgz 867ms (cache miss)
415 http fetch GET 200 https://registry.npmjs.org/@emotion/is-prop-valid/-/is-prop-valid-1.4.0.tgz 895ms (cache miss)
416 http fetch GET 200 https://registry.npmjs.org/whatwg-url/-/whatwg-url-14.2.0.tgz 956ms (cache miss)
417 http fetch GET 200 https://registry.npmjs.org/@dnd-kit/accessibility/-/accessibility-3.1.1.tgz 975ms (cache miss)
418 http fetch GET 200 https://registry.npmjs.org/@emnapi/wasi-threads/-/wasi-threads-1.1.0.tgz 1019ms (cache miss)
419 http fetch GET 200 https://registry.npmjs.org/stylis/-/stylis-4.3.6.tgz 1085ms (cache miss)
420 http fetch GET 200 https://registry.npmjs.org/@dnd-kit/utilities/-/utilities-3.2.2.tgz 1273ms (cache miss)
421 http fetch GET 200 https://registry.npmjs.org/@emnapi/core/-/core-1.8.1.tgz 1281ms (cache miss)
422 http fetch GET 200 https://registry.npmjs.org/css-to-react-native/-/css-to-react-native-3.2.0.tgz 1293ms (cache miss)
423 http fetch GET 200 https://registry.npmjs.org/@mongodb-js/saslprep/-/saslprep-1.4.6.tgz 1294ms (cache miss)
424 http fetch GET 200 https://registry.npmjs.org/@dnd-kit/sortable/-/sortable-10.0.0.tgz 1301ms (cache miss)
425 http fetch GET 200 https://registry.npmjs.org/@tybys/wasm-util/-/wasm-util-0.10.1.tgz 1353ms (cache miss)
426 http fetch GET 200 https://registry.npmjs.org/postcss/-/postcss-8.4.49.tgz 1382ms (cache miss)
427 http fetch GET 200 https://registry.npmjs.org/bson/-/bson-7.2.0.tgz 1534ms (cache miss)
428 http fetch GET 200 https://registry.npmjs.org/@napi-rs/wasm-runtime/-/wasm-runtime-0.2.12.tgz 1567ms (cache miss)
429 http fetch GET 200 https://registry.npmjs.org/@dnd-kit/core/-/core-6.3.1.tgz 1883ms (cache miss)
430 http fetch GET 200 https://registry.npmjs.org/styled-components/-/styled-components-6.3.11.tgz 2024ms (cache miss)
431 http fetch GET 200 https://registry.npmjs.org/mongodb/-/mongodb-7.1.0.tgz 2590ms (cache miss)
432 silly ADD node_modules/webidl-conversions
433 silly ADD node_modules/tr46
434 silly ADD node_modules/postcss-value-parser
435 silly ADD node_modules/css-color-keywords
436 silly ADD node_modules/camelize
437 silly ADD node_modules/@emotion/memoize
438 silly ADD node_modules/stylis
439 silly ADD node_modules/shallowequal
440 silly ADD node_modules/postcss
441 silly ADD node_modules/css-to-react-native
442 silly ADD node_modules/@types/stylis
443 silly ADD node_modules/@emotion/unitless
444 silly ADD node_modules/@emotion/is-prop-valid
445 silly ADD node_modules/memory-pager
446 silly ADD node_modules/@types/webidl-conversions
447 silly ADD node_modules/whatwg-url
448 silly ADD node_modules/@types/whatwg-url
449 silly ADD node_modules/sparse-bitfield
450 silly ADD node_modules/mongodb-connection-string-url
451 silly ADD node_modules/bson
452 silly ADD node_modules/@mongodb-js/saslprep
453 silly ADD node_modules/hoist-non-react-statics
454 silly ADD node_modules/@types/hoist-non-react-statics
455 silly ADD node_modules/@dnd-kit/accessibility
456 silly ADD node_modules/styled-components
457 silly ADD node_modules/mongodb
458 silly ADD node_modules/@types/styled-components
459 silly ADD node_modules/@dnd-kit/utilities
460 silly ADD node_modules/@dnd-kit/sortable
461 silly ADD node_modules/@dnd-kit/core
462 silly ADD
463 silly ADD
464 silly ADD
465 silly ADD
466 silly ADD
467 silly ADD
468 silly ADD
469 silly ADD
470 silly ADD
471 silly ADD
472 silly ADD
473 silly ADD
474 silly ADD
475 silly ADD
476 silly ADD
477 silly ADD
478 silly ADD
479 silly ADD
480 silly ADD
481 silly ADD
482 silly ADD
483 silly ADD
484 silly ADD
485 silly ADD
486 silly ADD
487 silly ADD
488 silly ADD
489 silly ADD
490 silly ADD
491 silly ADD
492 silly ADD
493 silly ADD
494 silly ADD
495 silly ADD
496 silly ADD
497 silly ADD
498 silly ADD
499 silly ADD
500 silly ADD
501 silly ADD
502 silly ADD
503 silly ADD
504 silly ADD
505 silly ADD
506 silly ADD
507 silly ADD
508 silly ADD
509 silly ADD
510 silly ADD
511 silly ADD
512 silly ADD
513 silly ADD
514 verbose cwd C:\projects\темтовое\calendar-app
515 verbose os Windows_NT 10.0.26200
516 verbose node v22.17.0
517 verbose npm  v10.9.2
518 verbose exit 0
519 info ok
