0 verbose cli C:\Program Files\nodejs\node.exe C:\Program Files\nodejs\node_modules\npm\bin\npm-cli.js
1 info using npm@10.9.2
2 info using node@v22.17.0
3 silly config load:file:C:\Program Files\nodejs\node_modules\npm\npmrc
4 silly config load:file:C:\projects\темтовое\calendar-app\.npmrc
5 silly config load:file:C:\Users\maste\.npmrc
6 silly config load:file:C:\Users\maste\AppData\Roaming\npm\etc\npmrc
7 verbose title npm install bcryptjs
8 verbose argv "install" "bcryptjs"
9 verbose logfile logs-max:10 dir:C:\projects\темтовое\calendar-app\.npm-cache\_logs\2026-03-10T18_13_02_903Z-
10 verbose logfile C:\projects\темтовое\calendar-app\.npm-cache\_logs\2026-03-10T18_13_02_903Z-debug-0.log
11 silly logfile done cleaning log files
12 silly packumentCache heap:4345298944 maxSize:1086324736 maxEntrySize:543162368
13 silly idealTree buildDeps
14 silly fetch manifest bcryptjs@*
15 silly packumentCache full:https://registry.npmjs.org/bcryptjs cache-miss
16 http fetch GET 200 https://registry.npmjs.org/bcryptjs 495ms (cache miss)
17 silly packumentCache full:https://registry.npmjs.org/bcryptjs set size:undefined disposed:false
18 silly placeDep ROOT bcryptjs@3.0.3 OK for: calendar-app@0.1.0 want: *
19 silly reify moves {}
20 silly audit bulk request {
20 silly audit   '@babel/code-frame': [ '7.29.0' ],
20 silly audit   '@babel/compat-data': [ '7.29.0' ],
20 silly audit   '@babel/core': [ '7.29.0' ],
20 silly audit   '@babel/generator': [ '7.29.1' ],
20 silly audit   '@babel/helper-compilation-targets': [ '7.28.6' ],
20 silly audit   '@babel/helper-globals': [ '7.28.0' ],
20 silly audit   '@babel/helper-module-imports': [ '7.28.6' ],
20 silly audit   '@babel/helper-module-transforms': [ '7.28.6' ],
20 silly audit   '@babel/helper-string-parser': [ '7.27.1' ],
20 silly audit   '@babel/helper-validator-identifier': [ '7.28.5' ],
20 silly audit   '@babel/helper-validator-option': [ '7.27.1' ],
20 silly audit   '@babel/helpers': [ '7.28.6' ],
20 silly audit   '@babel/parser': [ '7.29.0' ],
20 silly audit   '@babel/template': [ '7.28.6' ],
20 silly audit   '@babel/traverse': [ '7.29.0' ],
20 silly audit   '@babel/types': [ '7.29.0' ],
20 silly audit   '@dnd-kit/accessibility': [ '3.1.1' ],
20 silly audit   '@dnd-kit/core': [ '6.3.1' ],
20 silly audit   '@dnd-kit/sortable': [ '10.0.0' ],
20 silly audit   '@dnd-kit/utilities': [ '3.2.2' ],
20 silly audit   '@emnapi/core': [ '1.8.1' ],
20 silly audit   '@emnapi/runtime': [ '1.8.1' ],
20 silly audit   '@emnapi/wasi-threads': [ '1.1.0' ],
20 silly audit   '@emotion/is-prop-valid': [ '1.4.0' ],
20 silly audit   '@emotion/memoize': [ '0.9.0' ],
20 silly audit   '@emotion/unitless': [ '0.10.0' ],
20 silly audit   '@eslint-community/eslint-utils': [ '4.9.1' ],
20 silly audit   'eslint-visitor-keys': [ '3.4.3', '5.0.1', '4.2.1' ],
20 silly audit   '@eslint-community/regexpp': [ '4.12.2' ],
20 silly audit   '@eslint/config-array': [ '0.21.2' ],
20 silly audit   '@eslint/config-helpers': [ '0.4.2' ],
20 silly audit   '@eslint/core': [ '0.17.0' ],
20 silly audit   '@eslint/eslintrc': [ '3.3.5' ],
20 silly audit   '@eslint/js': [ '9.39.4' ],
20 silly audit   '@eslint/object-schema': [ '2.1.7' ],
20 silly audit   '@eslint/plugin-kit': [ '0.4.1' ],
20 silly audit   '@humanfs/core': [ '0.19.1' ],
20 silly audit   '@humanfs/node': [ '0.16.7' ],
20 silly audit   '@humanwhocodes/module-importer': [ '1.0.1' ],
20 silly audit   '@humanwhocodes/retry': [ '0.4.3' ],
20 silly audit   '@img/colour': [ '1.1.0' ],
20 silly audit   '@img/sharp-darwin-arm64': [ '0.34.5' ],
20 silly audit   '@img/sharp-darwin-x64': [ '0.34.5' ],
20 silly audit   '@img/sharp-libvips-darwin-arm64': [ '1.2.4' ],
20 silly audit   '@img/sharp-libvips-darwin-x64': [ '1.2.4' ],
20 silly audit   '@img/sharp-libvips-linux-arm': [ '1.2.4' ],
20 silly audit   '@img/sharp-libvips-linux-arm64': [ '1.2.4' ],
20 silly audit   '@img/sharp-libvips-linux-ppc64': [ '1.2.4' ],
20 silly audit   '@img/sharp-libvips-linux-riscv64': [ '1.2.4' ],
20 silly audit   '@img/sharp-libvips-linux-s390x': [ '1.2.4' ],
20 silly audit   '@img/sharp-libvips-linux-x64': [ '1.2.4' ],
20 silly audit   '@img/sharp-libvips-linuxmusl-arm64': [ '1.2.4' ],
20 silly audit   '@img/sharp-libvips-linuxmusl-x64': [ '1.2.4' ],
20 silly audit   '@img/sharp-linux-arm': [ '0.34.5' ],
20 silly audit   '@img/sharp-linux-arm64': [ '0.34.5' ],
20 silly audit   '@img/sharp-linux-ppc64': [ '0.34.5' ],
20 silly audit   '@img/sharp-linux-riscv64': [ '0.34.5' ],
20 silly audit   '@img/sharp-linux-s390x': [ '0.34.5' ],
20 silly audit   '@img/sharp-linux-x64': [ '0.34.5' ],
20 silly audit   '@img/sharp-linuxmusl-arm64': [ '0.34.5' ],
20 silly audit   '@img/sharp-linuxmusl-x64': [ '0.34.5' ],
20 silly audit   '@img/sharp-wasm32': [ '0.34.5' ],
20 silly audit   '@img/sharp-win32-arm64': [ '0.34.5' ],
20 silly audit   '@img/sharp-win32-ia32': [ '0.34.5' ],
20 silly audit   '@img/sharp-win32-x64': [ '0.34.5' ],
20 silly audit   '@jridgewell/gen-mapping': [ '0.3.13' ],
20 silly audit   '@jridgewell/remapping': [ '2.3.5' ],
20 silly audit   '@jridgewell/resolve-uri': [ '3.1.2' ],
20 silly audit   '@jridgewell/sourcemap-codec': [ '1.5.5' ],
20 silly audit   '@jridgewell/trace-mapping': [ '0.3.31' ],
20 silly audit   '@mongodb-js/saslprep': [ '1.4.6' ],
20 silly audit   '@napi-rs/wasm-runtime': [ '0.2.12' ],
20 silly audit   '@next/env': [ '16.1.6' ],
20 silly audit   '@next/eslint-plugin-next': [ '16.1.6' ],
20 silly audit   '@next/swc-darwin-arm64': [ '16.1.6' ],
20 silly audit   '@next/swc-darwin-x64': [ '16.1.6' ],
20 silly audit   '@next/swc-linux-arm64-gnu': [ '16.1.6' ],
20 silly audit   '@next/swc-linux-arm64-musl': [ '16.1.6' ],
20 silly audit   '@next/swc-linux-x64-gnu': [ '16.1.6' ],
20 silly audit   '@next/swc-linux-x64-musl': [ '16.1.6' ],
20 silly audit   '@next/swc-win32-arm64-msvc': [ '16.1.6' ],
20 silly audit   '@next/swc-win32-x64-msvc': [ '16.1.6' ],
20 silly audit   '@nodelib/fs.scandir': [ '2.1.5' ],
20 silly audit   '@nodelib/fs.stat': [ '2.0.5' ],
20 silly audit   '@nodelib/fs.walk': [ '1.2.8' ],
20 silly audit   '@nolyfill/is-core-module': [ '1.0.39' ],
20 silly audit   '@rtsao/scc': [ '1.1.0' ],
20 silly audit   '@swc/helpers': [ '0.5.15' ],
20 silly audit   '@tybys/wasm-util': [ '0.10.1' ],
20 silly audit   '@types/estree': [ '1.0.8' ],
20 silly audit   '@types/hoist-non-react-statics': [ '3.3.7' ],
20 silly audit   '@types/json-schema': [ '7.0.15' ],
20 silly audit   '@types/json5': [ '0.0.29' ],
20 silly audit   '@types/node': [ '20.19.37' ],
20 silly audit   '@types/react': [ '19.2.14' ],
20 silly audit   '@types/react-dom': [ '19.2.3' ],
20 silly audit   '@types/styled-components': [ '5.1.36' ],
20 silly audit   '@types/stylis': [ '4.2.7' ],
20 silly audit   '@types/webidl-conversions': [ '7.0.3' ],
20 silly audit   '@types/whatwg-url': [ '13.0.0' ],
20 silly audit   '@typescript-eslint/eslint-plugin': [ '8.57.0' ],
20 silly audit   ignore: [ '7.0.5', '5.3.2' ],
20 silly audit   '@typescript-eslint/parser': [ '8.57.0' ],
20 silly audit   '@typescript-eslint/project-service': [ '8.57.0' ],
20 silly audit   '@typescript-eslint/scope-manager': [ '8.57.0' ],
20 silly audit   '@typescript-eslint/tsconfig-utils': [ '8.57.0' ],
20 silly audit   '@typescript-eslint/type-utils': [ '8.57.0' ],
20 silly audit   '@typescript-eslint/types': [ '8.57.0' ],
20 silly audit   '@typescript-eslint/typescript-estree': [ '8.57.0' ],
20 silly audit   'balanced-match': [ '4.0.4', '1.0.2' ],
20 silly audit   'brace-expansion': [ '5.0.4', '1.1.12' ],
20 silly audit   minimatch: [ '10.2.4', '3.1.5' ],
20 silly audit   semver: [ '7.7.4', '6.3.1' ],
20 silly audit   '@typescript-eslint/utils': [ '8.57.0' ],
20 silly audit   '@typescript-eslint/visitor-keys': [ '8.57.0' ],
20 silly audit   '@unrs/resolver-binding-android-arm-eabi': [ '1.11.1' ],
20 silly audit   '@unrs/resolver-binding-android-arm64': [ '1.11.1' ],
20 silly audit   '@unrs/resolver-binding-darwin-arm64': [ '1.11.1' ],
20 silly audit   '@unrs/resolver-binding-darwin-x64': [ '1.11.1' ],
20 silly audit   '@unrs/resolver-binding-freebsd-x64': [ '1.11.1' ],
20 silly audit   '@unrs/resolver-binding-linux-arm-gnueabihf': [ '1.11.1' ],
20 silly audit   '@unrs/resolver-binding-linux-arm-musleabihf': [ '1.11.1' ],
20 silly audit   '@unrs/resolver-binding-linux-arm64-gnu': [ '1.11.1' ],
20 silly audit   '@unrs/resolver-binding-linux-arm64-musl': [ '1.11.1' ],
20 silly audit   '@unrs/resolver-binding-linux-ppc64-gnu': [ '1.11.1' ],
20 silly audit   '@unrs/resolver-binding-linux-riscv64-gnu': [ '1.11.1' ],
20 silly audit   '@unrs/resolver-binding-linux-riscv64-musl': [ '1.11.1' ],
20 silly audit   '@unrs/resolver-binding-linux-s390x-gnu': [ '1.11.1' ],
20 silly audit   '@unrs/resolver-binding-linux-x64-gnu': [ '1.11.1' ],
20 silly audit   '@unrs/resolver-binding-linux-x64-musl': [ '1.11.1' ],
20 silly audit   '@unrs/resolver-binding-wasm32-wasi': [ '1.11.1' ],
20 silly audit   '@unrs/resolver-binding-win32-arm64-msvc': [ '1.11.1' ],
20 silly audit   '@unrs/resolver-binding-win32-ia32-msvc': [ '1.11.1' ],
20 silly audit   '@unrs/resolver-binding-win32-x64-msvc': [ '1.11.1' ],
20 silly audit   acorn: [ '8.16.0' ],
20 silly audit   'acorn-jsx': [ '5.3.2' ],
20 silly audit   ajv: [ '6.14.0' ],
20 silly audit   'ansi-styles': [ '4.3.0' ],
20 silly audit   argparse: [ '2.0.1' ],
20 silly audit   'aria-query': [ '5.3.2' ],
20 silly audit   'array-buffer-byte-length': [ '1.0.2' ],
20 silly audit   'array-includes': [ '3.1.9' ],
20 silly audit   'array.prototype.findlast': [ '1.2.5' ],
20 silly audit   'array.prototype.findlastindex': [ '1.2.6' ],
20 silly audit   'array.prototype.flat': [ '1.3.3' ],
20 silly audit   'array.prototype.flatmap': [ '1.3.3' ],
20 silly audit   'array.prototype.tosorted': [ '1.1.4' ],
20 silly audit   'arraybuffer.prototype.slice': [ '1.0.4' ],
20 silly audit   'ast-types-flow': [ '0.0.8' ],
20 silly audit   'async-function': [ '1.0.0' ],
20 silly audit   'available-typed-arrays': [ '1.0.7' ],
20 silly audit   'axe-core': [ '4.11.1' ],
20 silly audit   'axobject-query': [ '4.1.0' ],
20 silly audit   'baseline-browser-mapping': [ '2.10.0' ],
20 silly audit   braces: [ '3.0.3' ],
20 silly audit   browserslist: [ '4.28.1' ],
20 silly audit   bson: [ '7.2.0' ],
20 silly audit   'call-bind': [ '1.0.8' ],
20 silly audit   'call-bind-apply-helpers': [ '1.0.2' ],
20 silly audit   'call-bound': [ '1.0.4' ],
20 silly audit   callsites: [ '3.1.0' ],
20 silly audit   camelize: [ '1.0.1' ],
20 silly audit   'caniuse-lite': [ '1.0.30001777' ],
20 silly audit   chalk: [ '4.1.2' ],
20 silly audit   'client-only': [ '0.0.1' ],
20 silly audit   'color-convert': [ '2.0.1' ],
20 silly audit   'color-name': [ '1.1.4' ],
20 silly audit   'concat-map': [ '0.0.1' ],
20 silly audit   'convert-source-map': [ '2.0.0' ],
20 silly audit   'cross-spawn': [ '7.0.6' ],
20 silly audit   'css-color-keywords': [ '1.0.0' ],
20 silly audit   'css-to-react-native': [ '3.2.0' ],
20 silly audit   csstype: [ '3.2.3' ],
20 silly audit   'damerau-levenshtein': [ '1.0.8' ],
20 silly audit   'data-view-buffer': [ '1.0.2' ],
20 silly audit   'data-view-byte-length': [ '1.0.2' ],
20 silly audit   'data-view-byte-offset': [ '1.0.1' ],
20 silly audit   debug: [ '4.4.3', '3.2.7' ],
20 silly audit   'deep-is': [ '0.1.4' ],
20 silly audit   'define-data-property': [ '1.1.4' ],
20 silly audit   'define-properties': [ '1.2.1' ],
20 silly audit   'detect-libc': [ '2.1.2' ],
20 silly audit   doctrine: [ '2.1.0' ],
20 silly audit   'dunder-proto': [ '1.0.1' ],
20 silly audit   'electron-to-chromium': [ '1.5.307' ],
20 silly audit   'emoji-regex': [ '9.2.2' ],
20 silly audit   'es-abstract': [ '1.24.1' ],
20 silly audit   'es-define-property': [ '1.0.1' ],
20 silly audit   'es-errors': [ '1.3.0' ],
20 silly audit   'es-iterator-helpers': [ '1.2.2' ],
20 silly audit   'es-object-atoms': [ '1.1.1' ],
20 silly audit   'es-set-tostringtag': [ '2.1.0' ],
20 silly audit   'es-shim-unscopables': [ '1.1.0' ],
20 silly audit   'es-to-primitive': [ '1.3.0' ],
20 silly audit   escalade: [ '3.2.0' ],
20 silly audit   'escape-string-regexp': [ '4.0.0' ],
20 silly audit   eslint: [ '9.39.4' ],
20 silly audit   'eslint-config-next': [ '16.1.6' ],
20 silly audit   globals: [ '16.4.0', '14.0.0' ],
20 silly audit   'eslint-import-resolver-node': [ '0.3.9' ],
20 silly audit   'eslint-import-resolver-typescript': [ '3.10.1' ],
20 silly audit   'eslint-module-utils': [ '2.12.1' ],
20 silly audit   'eslint-plugin-import': [ '2.32.0' ],
20 silly audit   'eslint-plugin-jsx-a11y': [ '6.10.2' ],
20 silly audit   'eslint-plugin-react': [ '7.37.5' ],
20 silly audit   'eslint-plugin-react-hooks': [ '7.0.1' ],
20 silly audit   resolve: [ '2.0.0-next.6', '1.22.11' ],
20 silly audit   'eslint-scope': [ '8.4.0' ],
20 silly audit   espree: [ '10.4.0' ],
20 silly audit   esquery: [ '1.7.0' ],
20 silly audit   esrecurse: [ '4.3.0' ],
20 silly audit   estraverse: [ '5.3.0' ],
20 silly audit   esutils: [ '2.0.3' ],
20 silly audit   'fast-deep-equal': [ '3.1.3' ],
20 silly audit   'fast-glob': [ '3.3.1' ],
20 silly audit   'glob-parent': [ '5.1.2', '6.0.2' ],
20 silly audit   'fast-json-stable-stringify': [ '2.1.0' ],
20 silly audit   'fast-levenshtein': [ '2.0.6' ],
20 silly audit   fastq: [ '1.20.1' ],
20 silly audit   'file-entry-cache': [ '8.0.0' ],
20 silly audit   'fill-range': [ '7.1.1' ],
20 silly audit   'find-up': [ '5.0.0' ],
20 silly audit   'flat-cache': [ '4.0.1' ],
20 silly audit   flatted: [ '3.4.1' ],
20 silly audit   'for-each': [ '0.3.5' ],
20 silly audit   'function-bind': [ '1.1.2' ],
20 silly audit   'function.prototype.name': [ '1.1.8' ],
20 silly audit   'functions-have-names': [ '1.2.3' ],
20 silly audit   'generator-function': [ '2.0.1' ],
20 silly audit   gensync: [ '1.0.0-beta.2' ],
20 silly audit   'get-intrinsic': [ '1.3.0' ],
20 silly audit   'get-proto': [ '1.0.1' ],
20 silly audit   'get-symbol-description': [ '1.1.0' ],
20 silly audit   'get-tsconfig': [ '4.13.6' ],
20 silly audit   globalthis: [ '1.0.4' ],
20 silly audit   gopd: [ '1.2.0' ],
20 silly audit   'has-bigints': [ '1.1.0' ],
20 silly audit   'has-flag': [ '4.0.0' ],
20 silly audit   'has-property-descriptors': [ '1.0.2' ],
20 silly audit   'has-proto': [ '1.2.0' ],
20 silly audit   'has-symbols': [ '1.1.0' ],
20 silly audit   'has-tostringtag': [ '1.0.2' ],
20 silly audit   hasown: [ '2.0.2' ],
20 silly audit   'hermes-estree': [ '0.25.1' ],
20 silly audit   'hermes-parser': [ '0.25.1' ],
20 silly audit   'hoist-non-react-statics': [ '3.3.2' ],
20 silly audit   'import-fresh': [ '3.3.1' ],
20 silly audit   imurmurhash: [ '0.1.4' ],
20 silly audit   'internal-slot': [ '1.1.0' ],
20 silly audit   'is-array-buffer': [ '3.0.5' ],
20 silly audit   'is-async-function': [ '2.1.1' ],
20 silly audit   'is-bigint': [ '1.1.0' ],
20 silly audit   'is-boolean-object': [ '1.2.2' ],
20 silly audit   'is-bun-module': [ '2.0.0' ],
20 silly audit   'is-callable': [ '1.2.7' ],
20 silly audit   'is-core-module': [ '2.16.1' ],
20 silly audit   'is-data-view': [ '1.0.2' ],
20 silly audit   'is-date-object': [ '1.1.0' ],
20 silly audit   'is-extglob': [ '2.1.1' ],
20 silly audit   'is-finalizationregistry': [ '1.1.1' ],
20 silly audit   'is-generator-function': [ '1.1.2' ],
20 silly audit   'is-glob': [ '4.0.3' ],
20 silly audit   'is-map': [ '2.0.3' ],
20 silly audit   'is-negative-zero': [ '2.0.3' ],
20 silly audit   'is-number': [ '7.0.0' ],
20 silly audit   'is-number-object': [ '1.1.1' ],
20 silly audit   'is-regex': [ '1.2.1' ],
20 silly audit   'is-set': [ '2.0.3' ],
20 silly audit   'is-shared-array-buffer': [ '1.0.4' ],
20 silly audit   'is-string': [ '1.1.1' ],
20 silly audit   'is-symbol': [ '1.1.1' ],
20 silly audit   'is-typed-array': [ '1.1.15' ],
20 silly audit   'is-weakmap': [ '2.0.2' ],
20 silly audit   'is-weakref': [ '1.1.1' ],
20 silly audit   'is-weakset': [ '2.0.4' ],
20 silly audit   isarray: [ '2.0.5' ],
20 silly audit   isexe: [ '2.0.0' ],
20 silly audit   'iterator.prototype': [ '1.1.5' ],
20 silly audit   jiti: [ '2.6.1' ],
20 silly audit   'js-tokens': [ '4.0.0' ],
20 silly audit   'js-yaml': [ '4.1.1' ],
20 silly audit   jsesc: [ '3.1.0' ],
20 silly audit   'json-buffer': [ '3.0.1' ],
20 silly audit   'json-schema-traverse': [ '0.4.1' ],
20 silly audit   'json-stable-stringify-without-jsonify': [ '1.0.1' ],
20 silly audit   json5: [ '2.2.3', '1.0.2' ],
20 silly audit   'jsx-ast-utils': [ '3.3.5' ],
20 silly audit   keyv: [ '4.5.4' ],
20 silly audit   'language-subtag-registry': [ '0.3.23' ],
20 silly audit   'language-tags': [ '1.0.9' ],
20 silly audit   levn: [ '0.4.1' ],
20 silly audit   'locate-path': [ '6.0.0' ],
20 silly audit   'lodash.merge': [ '4.6.2' ],
20 silly audit   'loose-envify': [ '1.4.0' ],
20 silly audit   'lru-cache': [ '5.1.1' ],
20 silly audit   'math-intrinsics': [ '1.1.0' ],
20 silly audit   'memory-pager': [ '1.5.0' ],
20 silly audit   merge2: [ '1.4.1' ],
20 silly audit   micromatch: [ '4.0.8' ],
20 silly audit   minimist: [ '1.2.8' ],
20 silly audit   mongodb: [ '7.1.0' ],
20 silly audit   'mongodb-connection-string-url': [ '7.0.1' ],
20 silly audit   ms: [ '2.1.3' ],
20 silly audit   nanoid: [ '3.3.11' ],
20 silly audit   'napi-postinstall': [ '0.3.4' ],
20 silly audit   'natural-compare': [ '1.4.0' ],
20 silly audit   next: [ '16.1.6' ],
20 silly audit   postcss: [ '8.4.31', '8.4.49' ],
20 silly audit   'node-exports-info': [ '1.6.0' ],
20 silly audit   'node-releases': [ '2.0.36' ],
20 silly audit   'object-assign': [ '4.1.1' ],
20 silly audit   'object-inspect': [ '1.13.4' ],
20 silly audit   'object-keys': [ '1.1.1' ],
20 silly audit   'object.assign': [ '4.1.7' ],
20 silly audit   'object.entries': [ '1.1.9' ],
20 silly audit   'object.fromentries': [ '2.0.8' ],
20 silly audit   'object.groupby': [ '1.0.3' ],
20 silly audit   'object.values': [ '1.2.1' ],
20 silly audit   optionator: [ '0.9.4' ],
20 silly audit   'own-keys': [ '1.0.1' ],
20 silly audit   'p-limit': [ '3.1.0' ],
20 silly audit   'p-locate': [ '5.0.0' ],
20 silly audit   'parent-module': [ '1.0.1' ],
20 silly audit   'path-exists': [ '4.0.0' ],
20 silly audit   'path-key': [ '3.1.1' ],
20 silly audit   'path-parse': [ '1.0.7' ],
20 silly audit   picocolors: [ '1.1.1' ],
20 silly audit   picomatch: [ '2.3.1', '4.0.3' ],
20 silly audit   'possible-typed-array-names': [ '1.1.0' ],
20 silly audit   'postcss-value-parser': [ '4.2.0' ],
20 silly audit   'prelude-ls': [ '1.2.1' ],
20 silly audit   'prop-types': [ '15.8.1' ],
20 silly audit   punycode: [ '2.3.1' ],
20 silly audit   'queue-microtask': [ '1.2.3' ],
20 silly audit   react: [ '19.2.3' ],
20 silly audit   'react-dom': [ '19.2.3' ],
20 silly audit   'react-is': [ '16.13.1' ],
20 silly audit   'reflect.getprototypeof': [ '1.0.10' ],
20 silly audit   'regexp.prototype.flags': [ '1.5.4' ],
20 silly audit   'resolve-from': [ '4.0.0' ],
20 silly audit   'resolve-pkg-maps': [ '1.0.0' ],
20 silly audit   reusify: [ '1.1.0' ],
20 silly audit   'run-parallel': [ '1.2.0' ],
20 silly audit   'safe-array-concat': [ '1.1.3' ],
20 silly audit   'safe-push-apply': [ '1.0.0' ],
20 silly audit   'safe-regex-test': [ '1.1.0' ],
20 silly audit   scheduler: [ '0.27.0' ],
20 silly audit   'set-function-length': [ '1.2.2' ],
20 silly audit   'set-function-name': [ '2.0.2' ],
20 silly audit   'set-proto': [ '1.0.0' ],
20 silly audit   shallowequal: [ '1.1.0' ],
20 silly audit   sharp: [ '0.34.5' ],
20 silly audit   'shebang-command': [ '2.0.0' ],
20 silly audit   'shebang-regex': [ '3.0.0' ],
20 silly audit   'side-channel': [ '1.1.0' ],
20 silly audit   'side-channel-list': [ '1.0.0' ],
20 silly audit   'side-channel-map': [ '1.0.1' ],
20 silly audit   'side-channel-weakmap': [ '1.0.2' ],
20 silly audit   'source-map-js': [ '1.2.1' ],
20 silly audit   'sparse-bitfield': [ '3.0.3' ],
20 silly audit   'stable-hash': [ '0.0.5' ],
20 silly audit   'stop-iteration-iterator': [ '1.1.0' ],
20 silly audit   'string.prototype.includes': [ '2.0.1' ],
20 silly audit   'string.prototype.matchall': [ '4.0.12' ],
20 silly audit   'string.prototype.repeat': [ '1.0.0' ],
20 silly audit   'string.prototype.trim': [ '1.2.10' ],
20 silly audit   'string.prototype.trimend': [ '1.0.9' ],
20 silly audit   'string.prototype.trimstart': [ '1.0.8' ],
20 silly audit   'strip-bom': [ '3.0.0' ],
20 silly audit   'strip-json-comments': [ '3.1.1' ],
20 silly audit   'styled-components': [ '6.3.11' ],
20 silly audit   'styled-jsx': [ '5.1.6' ],
20 silly audit   stylis: [ '4.3.6' ],
20 silly audit   'supports-color': [ '7.2.0' ],
20 silly audit   'supports-preserve-symlinks-flag': [ '1.0.0' ],
20 silly audit   tinyglobby: [ '0.2.15' ],
20 silly audit   fdir: [ '6.5.0' ],
20 silly audit   'to-regex-range': [ '5.0.1' ],
20 silly audit   tr46: [ '5.1.1' ],
20 silly audit   'ts-api-utils': [ '2.4.0' ],
20 silly audit   'tsconfig-paths': [ '3.15.0' ],
20 silly audit   tslib: [ '2.8.1' ],
20 silly audit   'type-check': [ '0.4.0' ],
20 silly audit   'typed-array-buffer': [ '1.0.3' ],
20 silly audit   'typed-array-byte-length': [ '1.0.3' ],
20 silly audit   'typed-array-byte-offset': [ '1.0.4' ],
20 silly audit   'typed-array-length': [ '1.0.7' ],
20 silly audit   typescript: [ '5.9.3' ],
20 silly audit   'typescript-eslint': [ '8.57.0' ],
20 silly audit   'unbox-primitive': [ '1.1.0' ],
20 silly audit   'undici-types': [ '6.21.0' ],
20 silly audit   'unrs-resolver': [ '1.11.1' ],
20 silly audit   'update-browserslist-db': [ '1.2.3' ],
20 silly audit   'uri-js': [ '4.4.1' ],
20 silly audit   'webidl-conversions': [ '7.0.0' ],
20 silly audit   'whatwg-url': [ '14.2.0' ],
20 silly audit   which: [ '2.0.2' ],
20 silly audit   'which-boxed-primitive': [ '1.1.1' ],
20 silly audit   'which-builtin-type': [ '1.2.1' ],
20 silly audit   'which-collection': [ '1.0.2' ],
20 silly audit   'which-typed-array': [ '1.1.20' ],
20 silly audit   'word-wrap': [ '1.2.5' ],
20 silly audit   yallist: [ '3.1.1' ],
20 silly audit   'yocto-queue': [ '0.1.0' ],
20 silly audit   zod: [ '4.3.6' ],
20 silly audit   'zod-validation-error': [ '4.0.2' ],
20 silly audit   bcryptjs: [ '3.0.3' ]
20 silly audit }
21 verbose reify failed optional dependency C:\projects\темтовое\calendar-app\node_modules\@unrs\resolver-binding-win32-ia32-msvc
22 silly reify mark deleted [
22 silly reify   'C:\\projects\\темтовое\\calendar-app\\node_modules\\@unrs\\resolver-binding-win32-ia32-msvc'
22 silly reify ]
23 verbose reify failed optional dependency C:\projects\темтовое\calendar-app\node_modules\@unrs\resolver-binding-win32-arm64-msvc
24 silly reify mark deleted [
24 silly reify   'C:\\projects\\темтовое\\calendar-app\\node_modules\\@unrs\\resolver-binding-win32-arm64-msvc'
24 silly reify ]
25 verbose reify failed optional dependency C:\projects\темтовое\calendar-app\node_modules\@unrs\resolver-binding-wasm32-wasi
26 silly reify mark deleted [
26 silly reify   'C:\\projects\\темтовое\\calendar-app\\node_modules\\@unrs\\resolver-binding-wasm32-wasi'
26 silly reify ]
27 verbose reify failed optional dependency C:\projects\темтовое\calendar-app\node_modules\@napi-rs\wasm-runtime
28 silly reify mark deleted [
28 silly reify   'C:\\projects\\темтовое\\calendar-app\\node_modules\\@napi-rs\\wasm-runtime'
28 silly reify ]
29 verbose reify failed optional dependency C:\projects\темтовое\calendar-app\node_modules\@emnapi\core
30 silly reify mark deleted [ 'C:\\projects\\темтовое\\calendar-app\\node_modules\\@emnapi\\core' ]
31 verbose reify failed optional dependency C:\projects\темтовое\calendar-app\node_modules\@tybys\wasm-util
32 silly reify mark deleted [
32 silly reify   'C:\\projects\\темтовое\\calendar-app\\node_modules\\@tybys\\wasm-util'
32 silly reify ]
33 verbose reify failed optional dependency C:\projects\темтовое\calendar-app\node_modules\@emnapi\wasi-threads
34 silly reify mark deleted [
34 silly reify   'C:\\projects\\темтовое\\calendar-app\\node_modules\\@emnapi\\wasi-threads'
34 silly reify ]
35 verbose reify failed optional dependency C:\projects\темтовое\calendar-app\node_modules\@unrs\resolver-binding-linux-x64-musl
36 silly reify mark deleted [
36 silly reify   'C:\\projects\\темтовое\\calendar-app\\node_modules\\@unrs\\resolver-binding-linux-x64-musl'
36 silly reify ]
37 verbose reify failed optional dependency C:\projects\темтовое\calendar-app\node_modules\@unrs\resolver-binding-linux-x64-gnu
38 silly reify mark deleted [
38 silly reify   'C:\\projects\\темтовое\\calendar-app\\node_modules\\@unrs\\resolver-binding-linux-x64-gnu'
38 silly reify ]
39 verbose reify failed optional dependency C:\projects\темтовое\calendar-app\node_modules\@unrs\resolver-binding-linux-s390x-gnu
40 silly reify mark deleted [
40 silly reify   'C:\\projects\\темтовое\\calendar-app\\node_modules\\@unrs\\resolver-binding-linux-s390x-gnu'
40 silly reify ]
41 verbose reify failed optional dependency C:\projects\темтовое\calendar-app\node_modules\@unrs\resolver-binding-linux-riscv64-musl
42 silly reify mark deleted [
42 silly reify   'C:\\projects\\темтовое\\calendar-app\\node_modules\\@unrs\\resolver-binding-linux-riscv64-musl'
42 silly reify ]
43 verbose reify failed optional dependency C:\projects\темтовое\calendar-app\node_modules\@unrs\resolver-binding-linux-riscv64-gnu
44 silly reify mark deleted [
44 silly reify   'C:\\projects\\темтовое\\calendar-app\\node_modules\\@unrs\\resolver-binding-linux-riscv64-gnu'
44 silly reify ]
45 verbose reify failed optional dependency C:\projects\темтовое\calendar-app\node_modules\@unrs\resolver-binding-linux-ppc64-gnu
46 silly reify mark deleted [
46 silly reify   'C:\\projects\\темтовое\\calendar-app\\node_modules\\@unrs\\resolver-binding-linux-ppc64-gnu'
46 silly reify ]
47 verbose reify failed optional dependency C:\projects\темтовое\calendar-app\node_modules\@unrs\resolver-binding-linux-arm64-musl
48 silly reify mark deleted [
48 silly reify   'C:\\projects\\темтовое\\calendar-app\\node_modules\\@unrs\\resolver-binding-linux-arm64-musl'
48 silly reify ]
49 verbose reify failed optional dependency C:\projects\темтовое\calendar-app\node_modules\@unrs\resolver-binding-linux-arm64-gnu
50 silly reify mark deleted [
50 silly reify   'C:\\projects\\темтовое\\calendar-app\\node_modules\\@unrs\\resolver-binding-linux-arm64-gnu'
50 silly reify ]
51 verbose reify failed optional dependency C:\projects\темтовое\calendar-app\node_modules\@unrs\resolver-binding-linux-arm-musleabihf
52 silly reify mark deleted [
52 silly reify   'C:\\projects\\темтовое\\calendar-app\\node_modules\\@unrs\\resolver-binding-linux-arm-musleabihf'
52 silly reify ]
53 verbose reify failed optional dependency C:\projects\темтовое\calendar-app\node_modules\@unrs\resolver-binding-linux-arm-gnueabihf
54 silly reify mark deleted [
54 silly reify   'C:\\projects\\темтовое\\calendar-app\\node_modules\\@unrs\\resolver-binding-linux-arm-gnueabihf'
54 silly reify ]
55 verbose reify failed optional dependency C:\projects\темтовое\calendar-app\node_modules\@unrs\resolver-binding-freebsd-x64
56 silly reify mark deleted [
56 silly reify   'C:\\projects\\темтовое\\calendar-app\\node_modules\\@unrs\\resolver-binding-freebsd-x64'
56 silly reify ]
57 verbose reify failed optional dependency C:\projects\темтовое\calendar-app\node_modules\@unrs\resolver-binding-darwin-x64
58 silly reify mark deleted [
58 silly reify   'C:\\projects\\темтовое\\calendar-app\\node_modules\\@unrs\\resolver-binding-darwin-x64'
58 silly reify ]
59 verbose reify failed optional dependency C:\projects\темтовое\calendar-app\node_modules\@unrs\resolver-binding-darwin-arm64
60 silly reify mark deleted [
60 silly reify   'C:\\projects\\темтовое\\calendar-app\\node_modules\\@unrs\\resolver-binding-darwin-arm64'
60 silly reify ]
61 verbose reify failed optional dependency C:\projects\темтовое\calendar-app\node_modules\@unrs\resolver-binding-android-arm64
62 silly reify mark deleted [
62 silly reify   'C:\\projects\\темтовое\\calendar-app\\node_modules\\@unrs\\resolver-binding-android-arm64'
62 silly reify ]
63 verbose reify failed optional dependency C:\projects\темтовое\calendar-app\node_modules\@unrs\resolver-binding-android-arm-eabi
64 silly reify mark deleted [
64 silly reify   'C:\\projects\\темтовое\\calendar-app\\node_modules\\@unrs\\resolver-binding-android-arm-eabi'
64 silly reify ]
65 verbose reify failed optional dependency C:\projects\темтовое\calendar-app\node_modules\@next\swc-win32-arm64-msvc
66 silly reify mark deleted [
66 silly reify   'C:\\projects\\темтовое\\calendar-app\\node_modules\\@next\\swc-win32-arm64-msvc'
66 silly reify ]
67 verbose reify failed optional dependency C:\projects\темтовое\calendar-app\node_modules\@next\swc-linux-x64-musl
68 silly reify mark deleted [
68 silly reify   'C:\\projects\\темтовое\\calendar-app\\node_modules\\@next\\swc-linux-x64-musl'
68 silly reify ]
69 verbose reify failed optional dependency C:\projects\темтовое\calendar-app\node_modules\@next\swc-linux-x64-gnu
70 silly reify mark deleted [
70 silly reify   'C:\\projects\\темтовое\\calendar-app\\node_modules\\@next\\swc-linux-x64-gnu'
70 silly reify ]
71 verbose reify failed optional dependency C:\projects\темтовое\calendar-app\node_modules\@next\swc-linux-arm64-musl
72 silly reify mark deleted [
72 silly reify   'C:\\projects\\темтовое\\calendar-app\\node_modules\\@next\\swc-linux-arm64-musl'
72 silly reify ]
73 verbose reify failed optional dependency C:\projects\темтовое\calendar-app\node_modules\@next\swc-linux-arm64-gnu
74 silly reify mark deleted [
74 silly reify   'C:\\projects\\темтовое\\calendar-app\\node_modules\\@next\\swc-linux-arm64-gnu'
74 silly reify ]
75 verbose reify failed optional dependency C:\projects\темтовое\calendar-app\node_modules\@next\swc-darwin-x64
76 silly reify mark deleted [
76 silly reify   'C:\\projects\\темтовое\\calendar-app\\node_modules\\@next\\swc-darwin-x64'
76 silly reify ]
77 verbose reify failed optional dependency C:\projects\темтовое\calendar-app\node_modules\@next\swc-darwin-arm64
78 silly reify mark deleted [
78 silly reify   'C:\\projects\\темтовое\\calendar-app\\node_modules\\@next\\swc-darwin-arm64'
78 silly reify ]
79 verbose reify failed optional dependency C:\projects\темтовое\calendar-app\node_modules\@img\sharp-win32-ia32
80 silly reify mark deleted [
80 silly reify   'C:\\projects\\темтовое\\calendar-app\\node_modules\\@img\\sharp-win32-ia32'
80 silly reify ]
81 verbose reify failed optional dependency C:\projects\темтовое\calendar-app\node_modules\@img\sharp-win32-arm64
82 silly reify mark deleted [
82 silly reify   'C:\\projects\\темтовое\\calendar-app\\node_modules\\@img\\sharp-win32-arm64'
82 silly reify ]
83 verbose reify failed optional dependency C:\projects\темтовое\calendar-app\node_modules\@img\sharp-wasm32
84 silly reify mark deleted [
84 silly reify   'C:\\projects\\темтовое\\calendar-app\\node_modules\\@img\\sharp-wasm32'
84 silly reify ]
85 verbose reify failed optional dependency C:\projects\темтовое\calendar-app\node_modules\@img\sharp-linuxmusl-x64
86 silly reify mark deleted [
86 silly reify   'C:\\projects\\темтовое\\calendar-app\\node_modules\\@img\\sharp-linuxmusl-x64'
86 silly reify ]
87 verbose reify failed optional dependency C:\projects\темтовое\calendar-app\node_modules\@img\sharp-linuxmusl-arm64
88 silly reify mark deleted [
88 silly reify   'C:\\projects\\темтовое\\calendar-app\\node_modules\\@img\\sharp-linuxmusl-arm64'
88 silly reify ]
89 verbose reify failed optional dependency C:\projects\темтовое\calendar-app\node_modules\@img\sharp-linux-x64
90 silly reify mark deleted [
90 silly reify   'C:\\projects\\темтовое\\calendar-app\\node_modules\\@img\\sharp-linux-x64'
90 silly reify ]
91 verbose reify failed optional dependency C:\projects\темтовое\calendar-app\node_modules\@img\sharp-linux-s390x
92 silly reify mark deleted [
92 silly reify   'C:\\projects\\темтовое\\calendar-app\\node_modules\\@img\\sharp-linux-s390x'
92 silly reify ]
93 verbose reify failed optional dependency C:\projects\темтовое\calendar-app\node_modules\@img\sharp-linux-riscv64
94 silly reify mark deleted [
94 silly reify   'C:\\projects\\темтовое\\calendar-app\\node_modules\\@img\\sharp-linux-riscv64'
94 silly reify ]
95 verbose reify failed optional dependency C:\projects\темтовое\calendar-app\node_modules\@img\sharp-linux-ppc64
96 silly reify mark deleted [
96 silly reify   'C:\\projects\\темтовое\\calendar-app\\node_modules\\@img\\sharp-linux-ppc64'
96 silly reify ]
97 verbose reify failed optional dependency C:\projects\темтовое\calendar-app\node_modules\@img\sharp-linux-arm64
98 silly reify mark deleted [
98 silly reify   'C:\\projects\\темтовое\\calendar-app\\node_modules\\@img\\sharp-linux-arm64'
98 silly reify ]
99 verbose reify failed optional dependency C:\projects\темтовое\calendar-app\node_modules\@img\sharp-linux-arm
100 silly reify mark deleted [
100 silly reify   'C:\\projects\\темтовое\\calendar-app\\node_modules\\@img\\sharp-linux-arm'
100 silly reify ]
101 verbose reify failed optional dependency C:\projects\темтовое\calendar-app\node_modules\@img\sharp-libvips-linuxmusl-x64
102 silly reify mark deleted [
102 silly reify   'C:\\projects\\темтовое\\calendar-app\\node_modules\\@img\\sharp-libvips-linuxmusl-x64'
102 silly reify ]
103 verbose reify failed optional dependency C:\projects\темтовое\calendar-app\node_modules\@img\sharp-libvips-linuxmusl-arm64
104 silly reify mark deleted [
104 silly reify   'C:\\projects\\темтовое\\calendar-app\\node_modules\\@img\\sharp-libvips-linuxmusl-arm64'
104 silly reify ]
105 verbose reify failed optional dependency C:\projects\темтовое\calendar-app\node_modules\@img\sharp-libvips-linux-x64
106 silly reify mark deleted [
106 silly reify   'C:\\projects\\темтовое\\calendar-app\\node_modules\\@img\\sharp-libvips-linux-x64'
106 silly reify ]
107 verbose reify failed optional dependency C:\projects\темтовое\calendar-app\node_modules\@img\sharp-libvips-linux-s390x
108 silly reify mark deleted [
108 silly reify   'C:\\projects\\темтовое\\calendar-app\\node_modules\\@img\\sharp-libvips-linux-s390x'
108 silly reify ]
109 verbose reify failed optional dependency C:\projects\темтовое\calendar-app\node_modules\@img\sharp-libvips-linux-riscv64
110 silly reify mark deleted [
110 silly reify   'C:\\projects\\темтовое\\calendar-app\\node_modules\\@img\\sharp-libvips-linux-riscv64'
110 silly reify ]
111 verbose reify failed optional dependency C:\projects\темтовое\calendar-app\node_modules\@img\sharp-libvips-linux-ppc64
112 silly reify mark deleted [
112 silly reify   'C:\\projects\\темтовое\\calendar-app\\node_modules\\@img\\sharp-libvips-linux-ppc64'
112 silly reify ]
113 verbose reify failed optional dependency C:\projects\темтовое\calendar-app\node_modules\@img\sharp-libvips-linux-arm64
114 silly reify mark deleted [
114 silly reify   'C:\\projects\\темтовое\\calendar-app\\node_modules\\@img\\sharp-libvips-linux-arm64'
114 silly reify ]
115 verbose reify failed optional dependency C:\projects\темтовое\calendar-app\node_modules\@img\sharp-libvips-linux-arm
116 silly reify mark deleted [
116 silly reify   'C:\\projects\\темтовое\\calendar-app\\node_modules\\@img\\sharp-libvips-linux-arm'
116 silly reify ]
117 verbose reify failed optional dependency C:\projects\темтовое\calendar-app\node_modules\@img\sharp-libvips-darwin-x64
118 silly reify mark deleted [
118 silly reify   'C:\\projects\\темтовое\\calendar-app\\node_modules\\@img\\sharp-libvips-darwin-x64'
118 silly reify ]
119 verbose reify failed optional dependency C:\projects\темтовое\calendar-app\node_modules\@img\sharp-libvips-darwin-arm64
120 silly reify mark deleted [
120 silly reify   'C:\\projects\\темтовое\\calendar-app\\node_modules\\@img\\sharp-libvips-darwin-arm64'
120 silly reify ]
121 verbose reify failed optional dependency C:\projects\темтовое\calendar-app\node_modules\@img\sharp-darwin-x64
122 silly reify mark deleted [
122 silly reify   'C:\\projects\\темтовое\\calendar-app\\node_modules\\@img\\sharp-darwin-x64'
122 silly reify ]
123 verbose reify failed optional dependency C:\projects\темтовое\calendar-app\node_modules\@img\sharp-darwin-arm64
124 silly reify mark deleted [
124 silly reify   'C:\\projects\\темтовое\\calendar-app\\node_modules\\@img\\sharp-darwin-arm64'
124 silly reify ]
125 http cache @napi-rs/wasm-runtime@https://registry.npmjs.org/@napi-rs/wasm-runtime/-/wasm-runtime-0.2.12.tgz 1ms (cache hit)
126 http cache @tybys/wasm-util@https://registry.npmjs.org/@tybys/wasm-util/-/wasm-util-0.10.1.tgz 0ms (cache hit)
127 http cache @emnapi/wasi-threads@https://registry.npmjs.org/@emnapi/wasi-threads/-/wasi-threads-1.1.0.tgz 0ms (cache hit)
128 http cache bcryptjs@https://registry.npmjs.org/bcryptjs/-/bcryptjs-3.0.3.tgz 0ms (cache hit)
129 http cache @emnapi/core@https://registry.npmjs.org/@emnapi/core/-/core-1.8.1.tgz 0ms (cache hit)
130 silly tarball no local data for bcryptjs@https://registry.npmjs.org/bcryptjs/-/bcryptjs-3.0.3.tgz. Extracting by manifest.
131 http fetch GET 200 https://registry.npmjs.org/bcryptjs/-/bcryptjs-3.0.3.tgz 162ms (cache miss)
132 http fetch POST 200 https://registry.npmjs.org/-/npm/v1/security/advisories/bulk 231ms
133 silly audit report {}
134 silly ADD node_modules/bcryptjs
135 silly ADD
136 silly ADD
137 silly ADD
138 silly ADD
139 silly ADD
140 silly ADD
141 silly ADD
142 silly ADD
143 silly ADD
144 silly ADD
145 silly ADD
146 silly ADD
147 silly ADD
148 silly ADD
149 silly ADD
150 silly ADD
151 silly ADD
152 silly ADD
153 silly ADD
154 silly ADD
155 silly ADD
156 silly ADD
157 silly ADD
158 silly ADD
159 silly ADD
160 silly ADD
161 silly ADD
162 silly ADD
163 silly ADD
164 silly ADD
165 silly ADD
166 silly ADD
167 silly ADD
168 silly ADD
169 silly ADD
170 silly ADD
171 silly ADD
172 silly ADD
173 silly ADD
174 silly ADD
175 silly ADD
176 silly ADD
177 silly ADD
178 silly ADD
179 silly ADD
180 silly ADD
181 silly ADD
182 silly ADD
183 silly ADD
184 silly ADD
185 silly ADD
186 silly ADD
187 verbose cwd C:\projects\темтовое\calendar-app
188 verbose os Windows_NT 10.0.26200
189 verbose node v22.17.0
190 verbose npm  v10.9.2
191 verbose exit 0
192 info ok
