0 verbose cli C:\Program Files\nodejs\node.exe C:\Program Files\nodejs\node_modules\npm\bin\npm-cli.js
1 info using npm@10.9.2
2 info using node@v22.17.0
3 silly config load:file:C:\Program Files\nodejs\node_modules\npm\npmrc
4 silly config load:file:C:\projects\темтовое\calendar-app\.npmrc
5 silly config load:file:C:\Users\maste\.npmrc
6 silly config load:file:C:\Users\maste\AppData\Roaming\npm\etc\npmrc
7 verbose title npm remove tailwindcss @tailwindcss/postcss
8 verbose argv "remove" "tailwindcss" "@tailwindcss/postcss"
9 verbose logfile logs-max:10 dir:C:\projects\темтовое\calendar-app\.npm-cache\_logs\2026-03-10T17_15_33_043Z-
10 verbose logfile C:\projects\темтовое\calendar-app\.npm-cache\_logs\2026-03-10T17_15_33_043Z-debug-0.log
11 silly logfile done cleaning log files
12 silly packumentCache heap:4345298944 maxSize:1086324736 maxEntrySize:543162368
13 silly idealTree buildDeps
14 silly reify mark retired [
14 silly reify   'C:\\projects\\темтовое\\calendar-app\\node_modules\\@alloc\\quick-lru'
14 silly reify ]
15 silly reify mark retired [
15 silly reify   'C:\\projects\\темтовое\\calendar-app\\node_modules\\@tailwindcss\\node'
15 silly reify ]
16 silly reify mark retired [
16 silly reify   'C:\\projects\\темтовое\\calendar-app\\node_modules\\@tailwindcss\\oxide'
16 silly reify ]
17 silly reify mark retired [
17 silly reify   'C:\\projects\\темтовое\\calendar-app\\node_modules\\@tailwindcss\\oxide-win32-x64-msvc'
17 silly reify ]
18 silly reify mark retired [
18 silly reify   'C:\\projects\\темтовое\\calendar-app\\node_modules\\@tailwindcss\\postcss'
18 silly reify ]
19 silly reify mark retired [
19 silly reify   'C:\\projects\\темтовое\\calendar-app\\node_modules\\enhanced-resolve'
19 silly reify ]
20 silly reify mark retired [ 'C:\\projects\\темтовое\\calendar-app\\node_modules\\graceful-fs' ]
21 silly reify mark retired [ 'C:\\projects\\темтовое\\calendar-app\\node_modules\\lightningcss' ]
22 silly reify mark retired [
22 silly reify   'C:\\projects\\темтовое\\calendar-app\\node_modules\\lightningcss-win32-x64-msvc'
22 silly reify ]
23 silly reify mark retired [ 'C:\\projects\\темтовое\\calendar-app\\node_modules\\magic-string' ]
24 silly reify mark retired [ 'C:\\projects\\темтовое\\calendar-app\\node_modules\\postcss' ]
25 silly reify mark retired [ 'C:\\projects\\темтовое\\calendar-app\\node_modules\\tailwindcss' ]
26 silly reify mark retired [ 'C:\\projects\\темтовое\\calendar-app\\node_modules\\tapable' ]
27 silly reify moves {
27 silly reify   'C:\\projects\\темтовое\\calendar-app\\node_modules\\@alloc\\quick-lru': 'C:\\projects\\темтовое\\calendar-app\\node_modules\\@alloc\\.quick-lru-5fwXYHZJ',
27 silly reify   'C:\\projects\\темтовое\\calendar-app\\node_modules\\@tailwindcss\\node': 'C:\\projects\\темтовое\\calendar-app\\node_modules\\@tailwindcss\\.node-Bm48aJbP',
27 silly reify   'C:\\projects\\темтовое\\calendar-app\\node_modules\\@tailwindcss\\oxide': 'C:\\projects\\темтовое\\calendar-app\\node_modules\\@tailwindcss\\.oxide-ynKyiA4d',
27 silly reify   'C:\\projects\\темтовое\\calendar-app\\node_modules\\@tailwindcss\\oxide-win32-x64-msvc': 'C:\\projects\\темтовое\\calendar-app\\node_modules\\@tailwindcss\\.oxide-win32-x64-msvc-DmR1bUUz',
27 silly reify   'C:\\projects\\темтовое\\calendar-app\\node_modules\\@tailwindcss\\postcss': 'C:\\projects\\темтовое\\calendar-app\\node_modules\\@tailwindcss\\.postcss-bcIJgQR3',
27 silly reify   'C:\\projects\\темтовое\\calendar-app\\node_modules\\enhanced-resolve': 'C:\\projects\\темтовое\\calendar-app\\node_modules\\.enhanced-resolve-ujRPouTO',
27 silly reify   'C:\\projects\\темтовое\\calendar-app\\node_modules\\graceful-fs': 'C:\\projects\\темтовое\\calendar-app\\node_modules\\.graceful-fs-EGwfGrU1',
27 silly reify   'C:\\projects\\темтовое\\calendar-app\\node_modules\\lightningcss': 'C:\\projects\\темтовое\\calendar-app\\node_modules\\.lightningcss-yPp2L9p0',
27 silly reify   'C:\\projects\\темтовое\\calendar-app\\node_modules\\lightningcss-win32-x64-msvc': 'C:\\projects\\темтовое\\calendar-app\\node_modules\\.lightningcss-win32-x64-msvc-B8jgJoID',
27 silly reify   'C:\\projects\\темтовое\\calendar-app\\node_modules\\magic-string': 'C:\\projects\\темтовое\\calendar-app\\node_modules\\.magic-string-G7VgL4XF',
27 silly reify   'C:\\projects\\темтовое\\calendar-app\\node_modules\\postcss': 'C:\\projects\\темтовое\\calendar-app\\node_modules\\.postcss-aNEmzZiU',
27 silly reify   'C:\\projects\\темтовое\\calendar-app\\node_modules\\tailwindcss': 'C:\\projects\\темтовое\\calendar-app\\node_modules\\.tailwindcss-qHFsWEYb',
27 silly reify   'C:\\projects\\темтовое\\calendar-app\\node_modules\\tapable': 'C:\\projects\\темтовое\\calendar-app\\node_modules\\.tapable-tl5oBh53'
27 silly reify }
28 http fetch GET 200 https://registry.npmjs.org/npm 553ms
29 silly audit bulk request {
29 silly audit   '@babel/code-frame': [ '7.29.0' ],
29 silly audit   '@babel/compat-data': [ '7.29.0' ],
29 silly audit   '@babel/core': [ '7.29.0' ],
29 silly audit   '@babel/generator': [ '7.29.1' ],
29 silly audit   '@babel/helper-compilation-targets': [ '7.28.6' ],
29 silly audit   '@babel/helper-globals': [ '7.28.0' ],
29 silly audit   '@babel/helper-module-imports': [ '7.28.6' ],
29 silly audit   '@babel/helper-module-transforms': [ '7.28.6' ],
29 silly audit   '@babel/helper-string-parser': [ '7.27.1' ],
29 silly audit   '@babel/helper-validator-identifier': [ '7.28.5' ],
29 silly audit   '@babel/helper-validator-option': [ '7.27.1' ],
29 silly audit   '@babel/helpers': [ '7.28.6' ],
29 silly audit   '@babel/parser': [ '7.29.0' ],
29 silly audit   '@babel/template': [ '7.28.6' ],
29 silly audit   '@babel/traverse': [ '7.29.0' ],
29 silly audit   '@babel/types': [ '7.29.0' ],
29 silly audit   '@emnapi/core': [ '1.8.1' ],
29 silly audit   '@emnapi/runtime': [ '1.8.1' ],
29 silly audit   '@emnapi/wasi-threads': [ '1.1.0' ],
29 silly audit   '@eslint-community/eslint-utils': [ '4.9.1' ],
29 silly audit   'eslint-visitor-keys': [ '3.4.3', '5.0.1', '4.2.1' ],
29 silly audit   '@eslint-community/regexpp': [ '4.12.2' ],
29 silly audit   '@eslint/config-array': [ '0.21.2' ],
29 silly audit   '@eslint/config-helpers': [ '0.4.2' ],
29 silly audit   '@eslint/core': [ '0.17.0' ],
29 silly audit   '@eslint/eslintrc': [ '3.3.5' ],
29 silly audit   '@eslint/js': [ '9.39.4' ],
29 silly audit   '@eslint/object-schema': [ '2.1.7' ],
29 silly audit   '@eslint/plugin-kit': [ '0.4.1' ],
29 silly audit   '@humanfs/core': [ '0.19.1' ],
29 silly audit   '@humanfs/node': [ '0.16.7' ],
29 silly audit   '@humanwhocodes/module-importer': [ '1.0.1' ],
29 silly audit   '@humanwhocodes/retry': [ '0.4.3' ],
29 silly audit   '@img/colour': [ '1.1.0' ],
29 silly audit   '@img/sharp-darwin-arm64': [ '0.34.5' ],
29 silly audit   '@img/sharp-darwin-x64': [ '0.34.5' ],
29 silly audit   '@img/sharp-libvips-darwin-arm64': [ '1.2.4' ],
29 silly audit   '@img/sharp-libvips-darwin-x64': [ '1.2.4' ],
29 silly audit   '@img/sharp-libvips-linux-arm': [ '1.2.4' ],
29 silly audit   '@img/sharp-libvips-linux-arm64': [ '1.2.4' ],
29 silly audit   '@img/sharp-libvips-linux-ppc64': [ '1.2.4' ],
29 silly audit   '@img/sharp-libvips-linux-riscv64': [ '1.2.4' ],
29 silly audit   '@img/sharp-libvips-linux-s390x': [ '1.2.4' ],
29 silly audit   '@img/sharp-libvips-linux-x64': [ '1.2.4' ],
29 silly audit   '@img/sharp-libvips-linuxmusl-arm64': [ '1.2.4' ],
29 silly audit   '@img/sharp-libvips-linuxmusl-x64': [ '1.2.4' ],
29 silly audit   '@img/sharp-linux-arm': [ '0.34.5' ],
29 silly audit   '@img/sharp-linux-arm64': [ '0.34.5' ],
29 silly audit   '@img/sharp-linux-ppc64': [ '0.34.5' ],
29 silly audit   '@img/sharp-linux-riscv64': [ '0.34.5' ],
29 silly audit   '@img/sharp-linux-s390x': [ '0.34.5' ],
29 silly audit   '@img/sharp-linux-x64': [ '0.34.5' ],
29 silly audit   '@img/sharp-linuxmusl-arm64': [ '0.34.5' ],
29 silly audit   '@img/sharp-linuxmusl-x64': [ '0.34.5' ],
29 silly audit   '@img/sharp-wasm32': [ '0.34.5' ],
29 silly audit   '@img/sharp-win32-arm64': [ '0.34.5' ],
29 silly audit   '@img/sharp-win32-ia32': [ '0.34.5' ],
29 silly audit   '@img/sharp-win32-x64': [ '0.34.5' ],
29 silly audit   '@jridgewell/gen-mapping': [ '0.3.13' ],
29 silly audit   '@jridgewell/remapping': [ '2.3.5' ],
29 silly audit   '@jridgewell/resolve-uri': [ '3.1.2' ],
29 silly audit   '@jridgewell/sourcemap-codec': [ '1.5.5' ],
29 silly audit   '@jridgewell/trace-mapping': [ '0.3.31' ],
29 silly audit   '@napi-rs/wasm-runtime': [ '0.2.12' ],
29 silly audit   '@next/env': [ '16.1.6' ],
29 silly audit   '@next/eslint-plugin-next': [ '16.1.6' ],
29 silly audit   '@next/swc-darwin-arm64': [ '16.1.6' ],
29 silly audit   '@next/swc-darwin-x64': [ '16.1.6' ],
29 silly audit   '@next/swc-linux-arm64-gnu': [ '16.1.6' ],
29 silly audit   '@next/swc-linux-arm64-musl': [ '16.1.6' ],
29 silly audit   '@next/swc-linux-x64-gnu': [ '16.1.6' ],
29 silly audit   '@next/swc-linux-x64-musl': [ '16.1.6' ],
29 silly audit   '@next/swc-win32-arm64-msvc': [ '16.1.6' ],
29 silly audit   '@next/swc-win32-x64-msvc': [ '16.1.6' ],
29 silly audit   '@nodelib/fs.scandir': [ '2.1.5' ],
29 silly audit   '@nodelib/fs.stat': [ '2.0.5' ],
29 silly audit   '@nodelib/fs.walk': [ '1.2.8' ],
29 silly audit   '@nolyfill/is-core-module': [ '1.0.39' ],
29 silly audit   '@rtsao/scc': [ '1.1.0' ],
29 silly audit   '@swc/helpers': [ '0.5.15' ],
29 silly audit   '@tybys/wasm-util': [ '0.10.1' ],
29 silly audit   '@types/estree': [ '1.0.8' ],
29 silly audit   '@types/json-schema': [ '7.0.15' ],
29 silly audit   '@types/json5': [ '0.0.29' ],
29 silly audit   '@types/node': [ '20.19.37' ],
29 silly audit   '@types/react': [ '19.2.14' ],
29 silly audit   '@types/react-dom': [ '19.2.3' ],
29 silly audit   '@typescript-eslint/eslint-plugin': [ '8.57.0' ],
29 silly audit   ignore: [ '7.0.5', '5.3.2' ],
29 silly audit   '@typescript-eslint/parser': [ '8.57.0' ],
29 silly audit   '@typescript-eslint/project-service': [ '8.57.0' ],
29 silly audit   '@typescript-eslint/scope-manager': [ '8.57.0' ],
29 silly audit   '@typescript-eslint/tsconfig-utils': [ '8.57.0' ],
29 silly audit   '@typescript-eslint/type-utils': [ '8.57.0' ],
29 silly audit   '@typescript-eslint/types': [ '8.57.0' ],
29 silly audit   '@typescript-eslint/typescript-estree': [ '8.57.0' ],
29 silly audit   'balanced-match': [ '4.0.4', '1.0.2' ],
29 silly audit   'brace-expansion': [ '5.0.4', '1.1.12' ],
29 silly audit   minimatch: [ '10.2.4', '3.1.5' ],
29 silly audit   semver: [ '7.7.4', '6.3.1' ],
29 silly audit   '@typescript-eslint/utils': [ '8.57.0' ],
29 silly audit   '@typescript-eslint/visitor-keys': [ '8.57.0' ],
29 silly audit   '@unrs/resolver-binding-android-arm-eabi': [ '1.11.1' ],
29 silly audit   '@unrs/resolver-binding-android-arm64': [ '1.11.1' ],
29 silly audit   '@unrs/resolver-binding-darwin-arm64': [ '1.11.1' ],
29 silly audit   '@unrs/resolver-binding-darwin-x64': [ '1.11.1' ],
29 silly audit   '@unrs/resolver-binding-freebsd-x64': [ '1.11.1' ],
29 silly audit   '@unrs/resolver-binding-linux-arm-gnueabihf': [ '1.11.1' ],
29 silly audit   '@unrs/resolver-binding-linux-arm-musleabihf': [ '1.11.1' ],
29 silly audit   '@unrs/resolver-binding-linux-arm64-gnu': [ '1.11.1' ],
29 silly audit   '@unrs/resolver-binding-linux-arm64-musl': [ '1.11.1' ],
29 silly audit   '@unrs/resolver-binding-linux-ppc64-gnu': [ '1.11.1' ],
29 silly audit   '@unrs/resolver-binding-linux-riscv64-gnu': [ '1.11.1' ],
29 silly audit   '@unrs/resolver-binding-linux-riscv64-musl': [ '1.11.1' ],
29 silly audit   '@unrs/resolver-binding-linux-s390x-gnu': [ '1.11.1' ],
29 silly audit   '@unrs/resolver-binding-linux-x64-gnu': [ '1.11.1' ],
29 silly audit   '@unrs/resolver-binding-linux-x64-musl': [ '1.11.1' ],
29 silly audit   '@unrs/resolver-binding-wasm32-wasi': [ '1.11.1' ],
29 silly audit   '@unrs/resolver-binding-win32-arm64-msvc': [ '1.11.1' ],
29 silly audit   '@unrs/resolver-binding-win32-ia32-msvc': [ '1.11.1' ],
29 silly audit   '@unrs/resolver-binding-win32-x64-msvc': [ '1.11.1' ],
29 silly audit   acorn: [ '8.16.0' ],
29 silly audit   'acorn-jsx': [ '5.3.2' ],
29 silly audit   ajv: [ '6.14.0' ],
29 silly audit   'ansi-styles': [ '4.3.0' ],
29 silly audit   argparse: [ '2.0.1' ],
29 silly audit   'aria-query': [ '5.3.2' ],
29 silly audit   'array-buffer-byte-length': [ '1.0.2' ],
29 silly audit   'array-includes': [ '3.1.9' ],
29 silly audit   'array.prototype.findlast': [ '1.2.5' ],
29 silly audit   'array.prototype.findlastindex': [ '1.2.6' ],
29 silly audit   'array.prototype.flat': [ '1.3.3' ],
29 silly audit   'array.prototype.flatmap': [ '1.3.3' ],
29 silly audit   'array.prototype.tosorted': [ '1.1.4' ],
29 silly audit   'arraybuffer.prototype.slice': [ '1.0.4' ],
29 silly audit   'ast-types-flow': [ '0.0.8' ],
29 silly audit   'async-function': [ '1.0.0' ],
29 silly audit   'available-typed-arrays': [ '1.0.7' ],
29 silly audit   'axe-core': [ '4.11.1' ],
29 silly audit   'axobject-query': [ '4.1.0' ],
29 silly audit   'baseline-browser-mapping': [ '2.10.0' ],
29 silly audit   braces: [ '3.0.3' ],
29 silly audit   browserslist: [ '4.28.1' ],
29 silly audit   'call-bind': [ '1.0.8' ],
29 silly audit   'call-bind-apply-helpers': [ '1.0.2' ],
29 silly audit   'call-bound': [ '1.0.4' ],
29 silly audit   callsites: [ '3.1.0' ],
29 silly audit   'caniuse-lite': [ '1.0.30001777' ],
29 silly audit   chalk: [ '4.1.2' ],
29 silly audit   'client-only': [ '0.0.1' ],
29 silly audit   'color-convert': [ '2.0.1' ],
29 silly audit   'color-name': [ '1.1.4' ],
29 silly audit   'concat-map': [ '0.0.1' ],
29 silly audit   'convert-source-map': [ '2.0.0' ],
29 silly audit   'cross-spawn': [ '7.0.6' ],
29 silly audit   csstype: [ '3.2.3' ],
29 silly audit   'damerau-levenshtein': [ '1.0.8' ],
29 silly audit   'data-view-buffer': [ '1.0.2' ],
29 silly audit   'data-view-byte-length': [ '1.0.2' ],
29 silly audit   'data-view-byte-offset': [ '1.0.1' ],
29 silly audit   debug: [ '4.4.3', '3.2.7' ],
29 silly audit   'deep-is': [ '0.1.4' ],
29 silly audit   'define-data-property': [ '1.1.4' ],
29 silly audit   'define-properties': [ '1.2.1' ],
29 silly audit   'detect-libc': [ '2.1.2' ],
29 silly audit   doctrine: [ '2.1.0' ],
29 silly audit   'dunder-proto': [ '1.0.1' ],
29 silly audit   'electron-to-chromium': [ '1.5.307' ],
29 silly audit   'emoji-regex': [ '9.2.2' ],
29 silly audit   'es-abstract': [ '1.24.1' ],
29 silly audit   'es-define-property': [ '1.0.1' ],
29 silly audit   'es-errors': [ '1.3.0' ],
29 silly audit   'es-iterator-helpers': [ '1.2.2' ],
29 silly audit   'es-object-atoms': [ '1.1.1' ],
29 silly audit   'es-set-tostringtag': [ '2.1.0' ],
29 silly audit   'es-shim-unscopables': [ '1.1.0' ],
29 silly audit   'es-to-primitive': [ '1.3.0' ],
29 silly audit   escalade: [ '3.2.0' ],
29 silly audit   'escape-string-regexp': [ '4.0.0' ],
29 silly audit   eslint: [ '9.39.4' ],
29 silly audit   'eslint-config-next': [ '16.1.6' ],
29 silly audit   globals: [ '16.4.0', '14.0.0' ],
29 silly audit   'eslint-import-resolver-node': [ '0.3.9' ],
29 silly audit   'eslint-import-resolver-typescript': [ '3.10.1' ],
29 silly audit   'eslint-module-utils': [ '2.12.1' ],
29 silly audit   'eslint-plugin-import': [ '2.32.0' ],
29 silly audit   'eslint-plugin-jsx-a11y': [ '6.10.2' ],
29 silly audit   'eslint-plugin-react': [ '7.37.5' ],
29 silly audit   'eslint-plugin-react-hooks': [ '7.0.1' ],
29 silly audit   resolve: [ '2.0.0-next.6', '1.22.11' ],
29 silly audit   'eslint-scope': [ '8.4.0' ],
29 silly audit   espree: [ '10.4.0' ],
29 silly audit   esquery: [ '1.7.0' ],
29 silly audit   esrecurse: [ '4.3.0' ],
29 silly audit   estraverse: [ '5.3.0' ],
29 silly audit   esutils: [ '2.0.3' ],
29 silly audit   'fast-deep-equal': [ '3.1.3' ],
29 silly audit   'fast-glob': [ '3.3.1' ],
29 silly audit   'glob-parent': [ '5.1.2', '6.0.2' ],
29 silly audit   'fast-json-stable-stringify': [ '2.1.0' ],
29 silly audit   'fast-levenshtein': [ '2.0.6' ],
29 silly audit   fastq: [ '1.20.1' ],
29 silly audit   'file-entry-cache': [ '8.0.0' ],
29 silly audit   'fill-range': [ '7.1.1' ],
29 silly audit   'find-up': [ '5.0.0' ],
29 silly audit   'flat-cache': [ '4.0.1' ],
29 silly audit   flatted: [ '3.4.1' ],
29 silly audit   'for-each': [ '0.3.5' ],
29 silly audit   'function-bind': [ '1.1.2' ],
29 silly audit   'function.prototype.name': [ '1.1.8' ],
29 silly audit   'functions-have-names': [ '1.2.3' ],
29 silly audit   'generator-function': [ '2.0.1' ],
29 silly audit   gensync: [ '1.0.0-beta.2' ],
29 silly audit   'get-intrinsic': [ '1.3.0' ],
29 silly audit   'get-proto': [ '1.0.1' ],
29 silly audit   'get-symbol-description': [ '1.1.0' ],
29 silly audit   'get-tsconfig': [ '4.13.6' ],
29 silly audit   globalthis: [ '1.0.4' ],
29 silly audit   gopd: [ '1.2.0' ],
29 silly audit   'has-bigints': [ '1.1.0' ],
29 silly audit   'has-flag': [ '4.0.0' ],
29 silly audit   'has-property-descriptors': [ '1.0.2' ],
29 silly audit   'has-proto': [ '1.2.0' ],
29 silly audit   'has-symbols': [ '1.1.0' ],
29 silly audit   'has-tostringtag': [ '1.0.2' ],
29 silly audit   hasown: [ '2.0.2' ],
29 silly audit   'hermes-estree': [ '0.25.1' ],
29 silly audit   'hermes-parser': [ '0.25.1' ],
29 silly audit   'import-fresh': [ '3.3.1' ],
29 silly audit   imurmurhash: [ '0.1.4' ],
29 silly audit   'internal-slot': [ '1.1.0' ],
29 silly audit   'is-array-buffer': [ '3.0.5' ],
29 silly audit   'is-async-function': [ '2.1.1' ],
29 silly audit   'is-bigint': [ '1.1.0' ],
29 silly audit   'is-boolean-object': [ '1.2.2' ],
29 silly audit   'is-bun-module': [ '2.0.0' ],
29 silly audit   'is-callable': [ '1.2.7' ],
29 silly audit   'is-core-module': [ '2.16.1' ],
29 silly audit   'is-data-view': [ '1.0.2' ],
29 silly audit   'is-date-object': [ '1.1.0' ],
29 silly audit   'is-extglob': [ '2.1.1' ],
29 silly audit   'is-finalizationregistry': [ '1.1.1' ],
29 silly audit   'is-generator-function': [ '1.1.2' ],
29 silly audit   'is-glob': [ '4.0.3' ],
29 silly audit   'is-map': [ '2.0.3' ],
29 silly audit   'is-negative-zero': [ '2.0.3' ],
29 silly audit   'is-number': [ '7.0.0' ],
29 silly audit   'is-number-object': [ '1.1.1' ],
29 silly audit   'is-regex': [ '1.2.1' ],
29 silly audit   'is-set': [ '2.0.3' ],
29 silly audit   'is-shared-array-buffer': [ '1.0.4' ],
29 silly audit   'is-string': [ '1.1.1' ],
29 silly audit   'is-symbol': [ '1.1.1' ],
29 silly audit   'is-typed-array': [ '1.1.15' ],
29 silly audit   'is-weakmap': [ '2.0.2' ],
29 silly audit   'is-weakref': [ '1.1.1' ],
29 silly audit   'is-weakset': [ '2.0.4' ],
29 silly audit   isarray: [ '2.0.5' ],
29 silly audit   isexe: [ '2.0.0' ],
29 silly audit   'iterator.prototype': [ '1.1.5' ],
29 silly audit   jiti: [ '2.6.1' ],
29 silly audit   'js-tokens': [ '4.0.0' ],
29 silly audit   'js-yaml': [ '4.1.1' ],
29 silly audit   jsesc: [ '3.1.0' ],
29 silly audit   'json-buffer': [ '3.0.1' ],
29 silly audit   'json-schema-traverse': [ '0.4.1' ],
29 silly audit   'json-stable-stringify-without-jsonify': [ '1.0.1' ],
29 silly audit   json5: [ '2.2.3', '1.0.2' ],
29 silly audit   'jsx-ast-utils': [ '3.3.5' ],
29 silly audit   keyv: [ '4.5.4' ],
29 silly audit   'language-subtag-registry': [ '0.3.23' ],
29 silly audit   'language-tags': [ '1.0.9' ],
29 silly audit   levn: [ '0.4.1' ],
29 silly audit   'locate-path': [ '6.0.0' ],
29 silly audit   'lodash.merge': [ '4.6.2' ],
29 silly audit   'loose-envify': [ '1.4.0' ],
29 silly audit   'lru-cache': [ '5.1.1' ],
29 silly audit   'math-intrinsics': [ '1.1.0' ],
29 silly audit   merge2: [ '1.4.1' ],
29 silly audit   micromatch: [ '4.0.8' ],
29 silly audit   minimist: [ '1.2.8' ],
29 silly audit   ms: [ '2.1.3' ],
29 silly audit   nanoid: [ '3.3.11' ],
29 silly audit   'napi-postinstall': [ '0.3.4' ],
29 silly audit   'natural-compare': [ '1.4.0' ],
29 silly audit   next: [ '16.1.6' ],
29 silly audit   postcss: [ '8.4.31' ],
29 silly audit   'node-exports-info': [ '1.6.0' ],
29 silly audit   'node-releases': [ '2.0.36' ],
29 silly audit   'object-assign': [ '4.1.1' ],
29 silly audit   'object-inspect': [ '1.13.4' ],
29 silly audit   'object-keys': [ '1.1.1' ],
29 silly audit   'object.assign': [ '4.1.7' ],
29 silly audit   'object.entries': [ '1.1.9' ],
29 silly audit   'object.fromentries': [ '2.0.8' ],
29 silly audit   'object.groupby': [ '1.0.3' ],
29 silly audit   'object.values': [ '1.2.1' ],
29 silly audit   optionator: [ '0.9.4' ],
29 silly audit   'own-keys': [ '1.0.1' ],
29 silly audit   'p-limit': [ '3.1.0' ],
29 silly audit   'p-locate': [ '5.0.0' ],
29 silly audit   'parent-module': [ '1.0.1' ],
29 silly audit   'path-exists': [ '4.0.0' ],
29 silly audit   'path-key': [ '3.1.1' ],
29 silly audit   'path-parse': [ '1.0.7' ],
29 silly audit   picocolors: [ '1.1.1' ],
29 silly audit   picomatch: [ '2.3.1', '4.0.3' ],
29 silly audit   'possible-typed-array-names': [ '1.1.0' ],
29 silly audit   'prelude-ls': [ '1.2.1' ],
29 silly audit   'prop-types': [ '15.8.1' ],
29 silly audit   punycode: [ '2.3.1' ],
29 silly audit   'queue-microtask': [ '1.2.3' ],
29 silly audit   react: [ '19.2.3' ],
29 silly audit   'react-dom': [ '19.2.3' ],
29 silly audit   'react-is': [ '16.13.1' ],
29 silly audit   'reflect.getprototypeof': [ '1.0.10' ],
29 silly audit   'regexp.prototype.flags': [ '1.5.4' ],
29 silly audit   'resolve-from': [ '4.0.0' ],
29 silly audit   'resolve-pkg-maps': [ '1.0.0' ],
29 silly audit   reusify: [ '1.1.0' ],
29 silly audit   'run-parallel': [ '1.2.0' ],
29 silly audit   'safe-array-concat': [ '1.1.3' ],
29 silly audit   'safe-push-apply': [ '1.0.0' ],
29 silly audit   'safe-regex-test': [ '1.1.0' ],
29 silly audit   scheduler: [ '0.27.0' ],
29 silly audit   'set-function-length': [ '1.2.2' ],
29 silly audit   'set-function-name': [ '2.0.2' ],
29 silly audit   'set-proto': [ '1.0.0' ],
29 silly audit   sharp: [ '0.34.5' ],
29 silly audit   'shebang-command': [ '2.0.0' ],
29 silly audit   'shebang-regex': [ '3.0.0' ],
29 silly audit   'side-channel': [ '1.1.0' ],
29 silly audit   'side-channel-list': [ '1.0.0' ],
29 silly audit   'side-channel-map': [ '1.0.1' ],
29 silly audit   'side-channel-weakmap': [ '1.0.2' ],
29 silly audit   'source-map-js': [ '1.2.1' ],
29 silly audit   'stable-hash': [ '0.0.5' ],
29 silly audit   'stop-iteration-iterator': [ '1.1.0' ],
29 silly audit   'string.prototype.includes': [ '2.0.1' ],
29 silly audit   'string.prototype.matchall': [ '4.0.12' ],
29 silly audit   'string.prototype.repeat': [ '1.0.0' ],
29 silly audit   'string.prototype.trim': [ '1.2.10' ],
29 silly audit   'string.prototype.trimend': [ '1.0.9' ],
29 silly audit   'string.prototype.trimstart': [ '1.0.8' ],
29 silly audit   'strip-bom': [ '3.0.0' ],
29 silly audit   'strip-json-comments': [ '3.1.1' ],
29 silly audit   'styled-jsx': [ '5.1.6' ],
29 silly audit   'supports-color': [ '7.2.0' ],
29 silly audit   'supports-preserve-symlinks-flag': [ '1.0.0' ],
29 silly audit   tinyglobby: [ '0.2.15' ],
29 silly audit   fdir: [ '6.5.0' ],
29 silly audit   'to-regex-range': [ '5.0.1' ],
29 silly audit   'ts-api-utils': [ '2.4.0' ],
29 silly audit   'tsconfig-paths': [ '3.15.0' ],
29 silly audit   tslib: [ '2.8.1' ],
29 silly audit   'type-check': [ '0.4.0' ],
29 silly audit   'typed-array-buffer': [ '1.0.3' ],
29 silly audit   'typed-array-byte-length': [ '1.0.3' ],
29 silly audit   'typed-array-byte-offset': [ '1.0.4' ],
29 silly audit   'typed-array-length': [ '1.0.7' ],
29 silly audit   typescript: [ '5.9.3' ],
29 silly audit   'typescript-eslint': [ '8.57.0' ],
29 silly audit   'unbox-primitive': [ '1.1.0' ],
29 silly audit   'undici-types': [ '6.21.0' ],
29 silly audit   'unrs-resolver': [ '1.11.1' ],
29 silly audit   'update-browserslist-db': [ '1.2.3' ],
29 silly audit   'uri-js': [ '4.4.1' ],
29 silly audit   which: [ '2.0.2' ],
29 silly audit   'which-boxed-primitive': [ '1.1.1' ],
29 silly audit   'which-builtin-type': [ '1.2.1' ],
29 silly audit   'which-collection': [ '1.0.2' ],
29 silly audit   'which-typed-array': [ '1.1.20' ],
29 silly audit   'word-wrap': [ '1.2.5' ],
29 silly audit   yallist: [ '3.1.1' ],
29 silly audit   'yocto-queue': [ '0.1.0' ],
29 silly audit   zod: [ '4.3.6' ],
29 silly audit   'zod-validation-error': [ '4.0.2' ]
29 silly audit }
30 verbose reify failed optional dependency C:\projects\темтовое\calendar-app\node_modules\@unrs\resolver-binding-win32-ia32-msvc
31 silly reify mark deleted [
31 silly reify   'C:\\projects\\темтовое\\calendar-app\\node_modules\\@unrs\\resolver-binding-win32-ia32-msvc'
31 silly reify ]
32 verbose reify failed optional dependency C:\projects\темтовое\calendar-app\node_modules\@unrs\resolver-binding-win32-arm64-msvc
33 silly reify mark deleted [
33 silly reify   'C:\\projects\\темтовое\\calendar-app\\node_modules\\@unrs\\resolver-binding-win32-arm64-msvc'
33 silly reify ]
34 verbose reify failed optional dependency C:\projects\темтовое\calendar-app\node_modules\@unrs\resolver-binding-wasm32-wasi
35 silly reify mark deleted [
35 silly reify   'C:\\projects\\темтовое\\calendar-app\\node_modules\\@unrs\\resolver-binding-wasm32-wasi'
35 silly reify ]
36 verbose reify failed optional dependency C:\projects\темтовое\calendar-app\node_modules\@napi-rs\wasm-runtime
37 silly reify mark deleted [
37 silly reify   'C:\\projects\\темтовое\\calendar-app\\node_modules\\@napi-rs\\wasm-runtime'
37 silly reify ]
38 verbose reify failed optional dependency C:\projects\темтовое\calendar-app\node_modules\@emnapi\core
39 silly reify mark deleted [ 'C:\\projects\\темтовое\\calendar-app\\node_modules\\@emnapi\\core' ]
40 verbose reify failed optional dependency C:\projects\темтовое\calendar-app\node_modules\@tybys\wasm-util
41 silly reify mark deleted [
41 silly reify   'C:\\projects\\темтовое\\calendar-app\\node_modules\\@tybys\\wasm-util'
41 silly reify ]
42 verbose reify failed optional dependency C:\projects\темтовое\calendar-app\node_modules\@emnapi\wasi-threads
43 silly reify mark deleted [
43 silly reify   'C:\\projects\\темтовое\\calendar-app\\node_modules\\@emnapi\\wasi-threads'
43 silly reify ]
44 verbose reify failed optional dependency C:\projects\темтовое\calendar-app\node_modules\@unrs\resolver-binding-linux-x64-musl
45 silly reify mark deleted [
45 silly reify   'C:\\projects\\темтовое\\calendar-app\\node_modules\\@unrs\\resolver-binding-linux-x64-musl'
45 silly reify ]
46 verbose reify failed optional dependency C:\projects\темтовое\calendar-app\node_modules\@unrs\resolver-binding-linux-x64-gnu
47 silly reify mark deleted [
47 silly reify   'C:\\projects\\темтовое\\calendar-app\\node_modules\\@unrs\\resolver-binding-linux-x64-gnu'
47 silly reify ]
48 verbose reify failed optional dependency C:\projects\темтовое\calendar-app\node_modules\@unrs\resolver-binding-linux-s390x-gnu
49 silly reify mark deleted [
49 silly reify   'C:\\projects\\темтовое\\calendar-app\\node_modules\\@unrs\\resolver-binding-linux-s390x-gnu'
49 silly reify ]
50 verbose reify failed optional dependency C:\projects\темтовое\calendar-app\node_modules\@unrs\resolver-binding-linux-riscv64-musl
51 silly reify mark deleted [
51 silly reify   'C:\\projects\\темтовое\\calendar-app\\node_modules\\@unrs\\resolver-binding-linux-riscv64-musl'
51 silly reify ]
52 verbose reify failed optional dependency C:\projects\темтовое\calendar-app\node_modules\@unrs\resolver-binding-linux-riscv64-gnu
53 silly reify mark deleted [
53 silly reify   'C:\\projects\\темтовое\\calendar-app\\node_modules\\@unrs\\resolver-binding-linux-riscv64-gnu'
53 silly reify ]
54 verbose reify failed optional dependency C:\projects\темтовое\calendar-app\node_modules\@unrs\resolver-binding-linux-ppc64-gnu
55 silly reify mark deleted [
55 silly reify   'C:\\projects\\темтовое\\calendar-app\\node_modules\\@unrs\\resolver-binding-linux-ppc64-gnu'
55 silly reify ]
56 verbose reify failed optional dependency C:\projects\темтовое\calendar-app\node_modules\@unrs\resolver-binding-linux-arm64-musl
57 silly reify mark deleted [
57 silly reify   'C:\\projects\\темтовое\\calendar-app\\node_modules\\@unrs\\resolver-binding-linux-arm64-musl'
57 silly reify ]
58 verbose reify failed optional dependency C:\projects\темтовое\calendar-app\node_modules\@unrs\resolver-binding-linux-arm64-gnu
59 silly reify mark deleted [
59 silly reify   'C:\\projects\\темтовое\\calendar-app\\node_modules\\@unrs\\resolver-binding-linux-arm64-gnu'
59 silly reify ]
60 verbose reify failed optional dependency C:\projects\темтовое\calendar-app\node_modules\@unrs\resolver-binding-linux-arm-musleabihf
61 silly reify mark deleted [
61 silly reify   'C:\\projects\\темтовое\\calendar-app\\node_modules\\@unrs\\resolver-binding-linux-arm-musleabihf'
61 silly reify ]
62 verbose reify failed optional dependency C:\projects\темтовое\calendar-app\node_modules\@unrs\resolver-binding-linux-arm-gnueabihf
63 silly reify mark deleted [
63 silly reify   'C:\\projects\\темтовое\\calendar-app\\node_modules\\@unrs\\resolver-binding-linux-arm-gnueabihf'
63 silly reify ]
64 verbose reify failed optional dependency C:\projects\темтовое\calendar-app\node_modules\@unrs\resolver-binding-freebsd-x64
65 silly reify mark deleted [
65 silly reify   'C:\\projects\\темтовое\\calendar-app\\node_modules\\@unrs\\resolver-binding-freebsd-x64'
65 silly reify ]
66 verbose reify failed optional dependency C:\projects\темтовое\calendar-app\node_modules\@unrs\resolver-binding-darwin-x64
67 silly reify mark deleted [
67 silly reify   'C:\\projects\\темтовое\\calendar-app\\node_modules\\@unrs\\resolver-binding-darwin-x64'
67 silly reify ]
68 verbose reify failed optional dependency C:\projects\темтовое\calendar-app\node_modules\@unrs\resolver-binding-darwin-arm64
69 silly reify mark deleted [
69 silly reify   'C:\\projects\\темтовое\\calendar-app\\node_modules\\@unrs\\resolver-binding-darwin-arm64'
69 silly reify ]
70 verbose reify failed optional dependency C:\projects\темтовое\calendar-app\node_modules\@unrs\resolver-binding-android-arm64
71 silly reify mark deleted [
71 silly reify   'C:\\projects\\темтовое\\calendar-app\\node_modules\\@unrs\\resolver-binding-android-arm64'
71 silly reify ]
72 verbose reify failed optional dependency C:\projects\темтовое\calendar-app\node_modules\@unrs\resolver-binding-android-arm-eabi
73 silly reify mark deleted [
73 silly reify   'C:\\projects\\темтовое\\calendar-app\\node_modules\\@unrs\\resolver-binding-android-arm-eabi'
73 silly reify ]
74 verbose reify failed optional dependency C:\projects\темтовое\calendar-app\node_modules\@next\swc-win32-arm64-msvc
75 silly reify mark deleted [
75 silly reify   'C:\\projects\\темтовое\\calendar-app\\node_modules\\@next\\swc-win32-arm64-msvc'
75 silly reify ]
76 verbose reify failed optional dependency C:\projects\темтовое\calendar-app\node_modules\@next\swc-linux-x64-musl
77 silly reify mark deleted [
77 silly reify   'C:\\projects\\темтовое\\calendar-app\\node_modules\\@next\\swc-linux-x64-musl'
77 silly reify ]
78 verbose reify failed optional dependency C:\projects\темтовое\calendar-app\node_modules\@next\swc-linux-x64-gnu
79 silly reify mark deleted [
79 silly reify   'C:\\projects\\темтовое\\calendar-app\\node_modules\\@next\\swc-linux-x64-gnu'
79 silly reify ]
80 verbose reify failed optional dependency C:\projects\темтовое\calendar-app\node_modules\@next\swc-linux-arm64-musl
81 silly reify mark deleted [
81 silly reify   'C:\\projects\\темтовое\\calendar-app\\node_modules\\@next\\swc-linux-arm64-musl'
81 silly reify ]
82 verbose reify failed optional dependency C:\projects\темтовое\calendar-app\node_modules\@next\swc-linux-arm64-gnu
83 silly reify mark deleted [
83 silly reify   'C:\\projects\\темтовое\\calendar-app\\node_modules\\@next\\swc-linux-arm64-gnu'
83 silly reify ]
84 verbose reify failed optional dependency C:\projects\темтовое\calendar-app\node_modules\@next\swc-darwin-x64
85 silly reify mark deleted [
85 silly reify   'C:\\projects\\темтовое\\calendar-app\\node_modules\\@next\\swc-darwin-x64'
85 silly reify ]
86 verbose reify failed optional dependency C:\projects\темтовое\calendar-app\node_modules\@next\swc-darwin-arm64
87 silly reify mark deleted [
87 silly reify   'C:\\projects\\темтовое\\calendar-app\\node_modules\\@next\\swc-darwin-arm64'
87 silly reify ]
88 verbose reify failed optional dependency C:\projects\темтовое\calendar-app\node_modules\@img\sharp-win32-ia32
89 silly reify mark deleted [
89 silly reify   'C:\\projects\\темтовое\\calendar-app\\node_modules\\@img\\sharp-win32-ia32'
89 silly reify ]
90 verbose reify failed optional dependency C:\projects\темтовое\calendar-app\node_modules\@img\sharp-win32-arm64
91 silly reify mark deleted [
91 silly reify   'C:\\projects\\темтовое\\calendar-app\\node_modules\\@img\\sharp-win32-arm64'
91 silly reify ]
92 verbose reify failed optional dependency C:\projects\темтовое\calendar-app\node_modules\@img\sharp-wasm32
93 silly reify mark deleted [
93 silly reify   'C:\\projects\\темтовое\\calendar-app\\node_modules\\@img\\sharp-wasm32'
93 silly reify ]
94 verbose reify failed optional dependency C:\projects\темтовое\calendar-app\node_modules\@img\sharp-linuxmusl-x64
95 silly reify mark deleted [
95 silly reify   'C:\\projects\\темтовое\\calendar-app\\node_modules\\@img\\sharp-linuxmusl-x64'
95 silly reify ]
96 verbose reify failed optional dependency C:\projects\темтовое\calendar-app\node_modules\@img\sharp-linuxmusl-arm64
97 silly reify mark deleted [
97 silly reify   'C:\\projects\\темтовое\\calendar-app\\node_modules\\@img\\sharp-linuxmusl-arm64'
97 silly reify ]
98 verbose reify failed optional dependency C:\projects\темтовое\calendar-app\node_modules\@img\sharp-linux-x64
99 silly reify mark deleted [
99 silly reify   'C:\\projects\\темтовое\\calendar-app\\node_modules\\@img\\sharp-linux-x64'
99 silly reify ]
100 verbose reify failed optional dependency C:\projects\темтовое\calendar-app\node_modules\@img\sharp-linux-s390x
101 silly reify mark deleted [
101 silly reify   'C:\\projects\\темтовое\\calendar-app\\node_modules\\@img\\sharp-linux-s390x'
101 silly reify ]
102 verbose reify failed optional dependency C:\projects\темтовое\calendar-app\node_modules\@img\sharp-linux-riscv64
103 silly reify mark deleted [
103 silly reify   'C:\\projects\\темтовое\\calendar-app\\node_modules\\@img\\sharp-linux-riscv64'
103 silly reify ]
104 verbose reify failed optional dependency C:\projects\темтовое\calendar-app\node_modules\@img\sharp-linux-ppc64
105 silly reify mark deleted [
105 silly reify   'C:\\projects\\темтовое\\calendar-app\\node_modules\\@img\\sharp-linux-ppc64'
105 silly reify ]
106 verbose reify failed optional dependency C:\projects\темтовое\calendar-app\node_modules\@img\sharp-linux-arm64
107 silly reify mark deleted [
107 silly reify   'C:\\projects\\темтовое\\calendar-app\\node_modules\\@img\\sharp-linux-arm64'
107 silly reify ]
108 verbose reify failed optional dependency C:\projects\темтовое\calendar-app\node_modules\@img\sharp-linux-arm
109 silly reify mark deleted [
109 silly reify   'C:\\projects\\темтовое\\calendar-app\\node_modules\\@img\\sharp-linux-arm'
109 silly reify ]
110 verbose reify failed optional dependency C:\projects\темтовое\calendar-app\node_modules\@img\sharp-libvips-linuxmusl-x64
111 silly reify mark deleted [
111 silly reify   'C:\\projects\\темтовое\\calendar-app\\node_modules\\@img\\sharp-libvips-linuxmusl-x64'
111 silly reify ]
112 verbose reify failed optional dependency C:\projects\темтовое\calendar-app\node_modules\@img\sharp-libvips-linuxmusl-arm64
113 silly reify mark deleted [
113 silly reify   'C:\\projects\\темтовое\\calendar-app\\node_modules\\@img\\sharp-libvips-linuxmusl-arm64'
113 silly reify ]
114 verbose reify failed optional dependency C:\projects\темтовое\calendar-app\node_modules\@img\sharp-libvips-linux-x64
115 silly reify mark deleted [
115 silly reify   'C:\\projects\\темтовое\\calendar-app\\node_modules\\@img\\sharp-libvips-linux-x64'
115 silly reify ]
116 verbose reify failed optional dependency C:\projects\темтовое\calendar-app\node_modules\@img\sharp-libvips-linux-s390x
117 silly reify mark deleted [
117 silly reify   'C:\\projects\\темтовое\\calendar-app\\node_modules\\@img\\sharp-libvips-linux-s390x'
117 silly reify ]
118 verbose reify failed optional dependency C:\projects\темтовое\calendar-app\node_modules\@img\sharp-libvips-linux-riscv64
119 silly reify mark deleted [
119 silly reify   'C:\\projects\\темтовое\\calendar-app\\node_modules\\@img\\sharp-libvips-linux-riscv64'
119 silly reify ]
120 verbose reify failed optional dependency C:\projects\темтовое\calendar-app\node_modules\@img\sharp-libvips-linux-ppc64
121 silly reify mark deleted [
121 silly reify   'C:\\projects\\темтовое\\calendar-app\\node_modules\\@img\\sharp-libvips-linux-ppc64'
121 silly reify ]
122 verbose reify failed optional dependency C:\projects\темтовое\calendar-app\node_modules\@img\sharp-libvips-linux-arm64
123 silly reify mark deleted [
123 silly reify   'C:\\projects\\темтовое\\calendar-app\\node_modules\\@img\\sharp-libvips-linux-arm64'
123 silly reify ]
124 verbose reify failed optional dependency C:\projects\темтовое\calendar-app\node_modules\@img\sharp-libvips-linux-arm
125 silly reify mark deleted [
125 silly reify   'C:\\projects\\темтовое\\calendar-app\\node_modules\\@img\\sharp-libvips-linux-arm'
125 silly reify ]
126 verbose reify failed optional dependency C:\projects\темтовое\calendar-app\node_modules\@img\sharp-libvips-darwin-x64
127 silly reify mark deleted [
127 silly reify   'C:\\projects\\темтовое\\calendar-app\\node_modules\\@img\\sharp-libvips-darwin-x64'
127 silly reify ]
128 verbose reify failed optional dependency C:\projects\темтовое\calendar-app\node_modules\@img\sharp-libvips-darwin-arm64
129 silly reify mark deleted [
129 silly reify   'C:\\projects\\темтовое\\calendar-app\\node_modules\\@img\\sharp-libvips-darwin-arm64'
129 silly reify ]
130 verbose reify failed optional dependency C:\projects\темтовое\calendar-app\node_modules\@img\sharp-darwin-x64
131 silly reify mark deleted [
131 silly reify   'C:\\projects\\темтовое\\calendar-app\\node_modules\\@img\\sharp-darwin-x64'
131 silly reify ]
132 verbose reify failed optional dependency C:\projects\темтовое\calendar-app\node_modules\@img\sharp-darwin-arm64
133 silly reify mark deleted [
133 silly reify   'C:\\projects\\темтовое\\calendar-app\\node_modules\\@img\\sharp-darwin-arm64'
133 silly reify ]
134 http fetch POST 200 https://registry.npmjs.org/-/npm/v1/security/advisories/bulk 334ms
135 silly audit report {}
136 silly ADD
137 silly ADD
138 silly ADD
139 silly ADD
140 silly ADD
141 silly ADD
142 silly ADD
143 silly ADD
144 silly ADD
145 silly ADD
146 silly ADD
147 silly ADD
148 silly ADD
149 silly ADD
150 silly ADD
151 silly ADD
152 silly ADD
153 silly ADD
154 silly ADD
155 silly ADD
156 silly ADD
157 silly ADD
158 silly ADD
159 silly ADD
160 silly ADD
161 silly ADD
162 silly ADD
163 silly ADD
164 silly ADD
165 silly ADD
166 silly ADD
167 silly ADD
168 silly ADD
169 silly ADD
170 silly ADD
171 silly ADD
172 silly ADD
173 silly ADD
174 silly ADD
175 silly ADD
176 silly ADD
177 silly ADD
178 silly ADD
179 silly ADD
180 silly ADD
181 silly ADD
182 silly ADD
183 silly ADD
184 silly REMOVE node_modules/tapable
185 silly REMOVE node_modules/tailwindcss
186 silly REMOVE node_modules/postcss
187 silly REMOVE node_modules/magic-string
188 silly REMOVE node_modules/lightningcss-win32-x64-msvc
189 silly REMOVE node_modules/lightningcss
190 silly REMOVE node_modules/graceful-fs
191 silly REMOVE node_modules/enhanced-resolve
192 silly REMOVE node_modules/@tailwindcss/postcss
193 silly REMOVE node_modules/@tailwindcss/oxide-win32-x64-msvc
194 silly REMOVE node_modules/@tailwindcss/oxide
195 silly REMOVE node_modules/@tailwindcss/node
196 silly REMOVE node_modules/@alloc/quick-lru
197 verbose cwd C:\projects\темтовое\calendar-app
198 verbose os Windows_NT 10.0.26200
199 verbose node v22.17.0
200 verbose npm  v10.9.2
201 notice
201 notice New major version of npm available! 10.9.2 -> 11.11.0
201 notice Changelog: https://github.com/npm/cli/releases/tag/v11.11.0
201 notice To update run: npm install -g npm@11.11.0
201 notice  { force: true, [Symbol(proc-log.meta)]: true }
202 verbose exit 0
203 info ok
